commit_date: 1435700806

commit message:
197038,56464,6113,17269,19958,195866,6972,194950,18483,5127,61658,48216,33158,6879,56464,6113,6879,195274,194954,104570,195430,204939,12578,6972,6110,39298,14415,196054,33158,9009,195098,51156,195123,213126,194950,6331,46018,195088,195089,195865,1584,5814,140274,195507,5814,9009,19958,195558,6879,197339,14771,4136,195898,196054,195905,195045,56464,14771,148280,23597,14563,17269,194950,196270,63188,53668,104570,19086,148280,176055

simplified commit message:
56464,10638,18483,5127,33158,56464,195274,194954,24396,204939,12578,6110,25220,33158,195123,6331,195549,195088,195274,194987,195508,37591,197340,4136,25220,195046,56464,3414,196271,194983,24396,3414,176055

commit code:
file: drivers/block/rbd.c
1: +: Normal: 72,87,6989,81,72,94,72,82,95
1: -: Normal: 72,87,6989,81,72,94,72,82,95
2: +: Normal: 72,87,7982,81,72,94,72,82,95
2: -: Normal: 72,87,7982,81,72,94,72,82,95

commit: 9b547a882e9ffec67bb41a4e66b4bcc0e91a2737
stable: false
author_date: 1383000567
commit_date: 1385626751

commit message:
154636,6125,14771,6124,195038,195441,6320,14771,6317,6879,6786,12319,7057,194950,199408,6879,194950,3964,4973,195674

simplified commit message:
154636,10638,6786,197019,197614,3964,4973,195674

commit code:
file: drivers/usb/host/r8a66597-hcd.c
1: +: Normal: 6320,81,72,92,72,82,95
1: -: Normal: 6125,81,72,92,72,82,95
2: +: Normal: 6317,81,72,92,72,82,95
2: -: Normal: 6124,81,72,92,72,82,95

commit: 12e130b04580532aa099893158aa2776b321ae7f
stable: true
author_date: 1350914748
commit_date: 1354669044

commit message:
195147,56464,113885,17269,194950,4822,7540,6860,15673,9902,48216,196709,23597,195929,24276,194950,195148,148280,7175,195212,9902,4147,197470,1584,1584,19958,7134,13955,14771,1584,19958,21996,7057,194950,195148,6879,197012,195212,195309,6972,29435,14771,6879,37148,5814,5868,6735,29485,6879,3140,194950,198020,208989,6460,6879,196843,6600,195135,56464,6696,1079,7057,195738,16462,194950,195148,122419,88337,17269,194950,20920,6799,195077,29485

simplified commit message:
56464,195376,196876,6860,15673,196709,195929,195149,195017,197470,7134,196022,195257,195149,197013,6268,37148,5868,3140,3140,198020,196843,5868,195135,56464,18096,195149,88337,20920,6799,195077,3140

commit code:
file: kernel/module_signing.c
1: +: Normal: 47,72,72,72,95
1: +: Normal: 47,72,72,72,95
1: +: Normal: 47,72,72,72,95
1: +: Normal: 47,72,72,72,95
1: +: Normal: 47,72,72,72,95
1: +: Normal: 47,72,72,72,79,75,80,95
1: +: Normal: 47,72,72,72,95
1: -: Normal: 47,72,47,72,72,97,75,95
1: -: Normal: 47,72,47,72,72,97,75,95
1: -: Normal: 47,72,47,72,72,97,75,95
1: -: Normal: 47,72,72,72,95
1: -: Normal: 47,72,72,72,95
1: -: Normal: 47,72,72,72,79,75,80,95
1: -: Normal: 47,72,72,72,95

commit: 58e241f7be8dfbb19fa8f5bf8b2e56bb6d655752
stable: false
author_date: 1305695850
commit_date: 1316113776

commit message:
14771,129842,5147,6879,26287,57524,6879,211040,105731,9878,23032,195316,195463,186384,197747,1584,195397,37451,195668,197747,195098,4488,4373,1247,87218,28629,5553,14771,5455,4449,5455,4449,19958,3821,195135,6735,5553,19958,195211,11500,197566,6972,211040,7257,5483,195135,6735,9009,195233,6879,1043,57524,195735,195296,195089,120474,14771,61658,195735,195039,199084,4373,7057,151797,195160,197747,14771,23966,17269,23224,2853,5455,98303,124319,6964,98771,6964,50877,11500,195077,5553,17269,211040,196801,213121,196862,213122,6879

simplified commit message:
1086,56464,26287,195667,5869,195316,195463,195820,197747,56464,196307,197747,4373,195195,5553,195667,4449,195667,4449,195135,5553,195211,196022,7257,195805,195135,195234,1532,195667,194968,195296,137161,194968,1518,4373,195157,195160,197747,196520,23224,2853,195667,63055,124319,6964,194986,6964,195077,5553,1086,195024,196862,6874

commit code:
file: arch/arm/mach-omap2/omap_twl.c
1: +: Normal: 48,81,81,81,81,72,85,75,82,85,75,82,85,75,82,82,85,75,95
1: -: Normal: 48,81,81,81,81,72,85,75,82,85,75,82,85,75,82,82,85,75,95
2: +: Normal: 48,81,81,81,81,72,85,75,82,85,75,82,85,75,82,82,85,75,95
2: -: Normal: 48,81,81,81,81,72,85,75,82,85,75,82,85,75,82,82,85,75,95
3: +: Normal: 48,6748,81,72,85,75,94,75,82,85,75,95
3: -: Normal: 48,6748,81,72,85,75,94,75,82,85,75,95
4: +: Normal: 48,6748,81,72,85,75,94,75,82,85,75,95
4: -: Normal: 48,6748,81,72,85,75,94,75,82,85,75,95
5: +: Normal: 47,72,93,72,87,75
5: -: Normal: 47,72,93,72,87,75
6: +: Normal: 47,72,93,72,87,75
6: -: Normal: 47,72,93,72,87,75
7: +: Normal: 47,72,93,72,87,75
7: -: Normal: 47,72,93,72,87,75

commit: 2ff1d8fbba493538e0d0c4f0e2dcd9c4bb0eb21a
stable: false
author_date: 1462372138
commit_date: 1462795274

commit message:
18638,69732,213115,3414,7658,11520,29201,4452,7630,195464,6879,17290,6735,53668,194950,7658,7501,195850,197016,6972,94977,196456,14771,59418,135643,7359,194950,5701,9009,11425,3414,194950,6879,195607,7658,194998,6972,194950,16462,87218,195041,195204,9226

simplified commit message:
26654,3414,7658,197667,4452,11765,195464,17290,194983,7658,7501,195850,153045,195485,196457,195018,135643,5701,11425,3414,195607,7658,194999,195015,195495

commit code:
file: drivers/staging/lustre/lustre/ptlrpc/nrs.c
1: +: Normal: 72,87,72,96,72,92,72,97,90,72,92,72,95
1: +: Normal: 48,81,98,72,89,98,72,92,72,82
1: +: Normal: 48,95
1: -: Normal: 72,87,72,81,72,94,72,82,95

commit: 9bffdca8c64a72ac54c47a552734ab457bc720d4
stable: true
author_date: 1355186090
commit_date: 1355806242

commit message:
197389,56464,188337,17269,197389,56464,188337,17269,197389,6879,195274,7501,195863

simplified commit message:
56464,188337,56464,188337,195274,7501,6888

commit code:
file: drivers/virtio/virtio.c
1: +: Normal: 47,72,85,72,87,72,81,72,82,95
1: -: Normal: 47,72,85,72,87,7080,81,72,94,47,72,94,72,82,95
2: +: Normal: 47,72,85,72,87,72,81,72,82,95
2: -: Normal: 47,72,85,72,87,7080,81,72,94,47,72,94,72,82,95
3: +: Normal: 47,72,85,72,87,72,81,72,82,95
3: -: Normal: 47,72,85,72,87,7080,81,72,94,47,72,94,72,82,95
4: +: Normal: 47,72,85,72,87,72,81,72,82,95
4: -: Normal: 47,72,85,72,87,7080,81,72,94,47,72,94,72,82,95
5: +: Normal: 47,72,85,72,87,72,81,72,82,95
5: -: Normal: 47,72,85,72,87,7080,81,72,94,47,72,94,72,82,95
6: +: Normal: 47,72,85,72,87,72,81,72,82,95
6: -: Normal: 47,72,85,72,87,7080,81,72,94,47,72,94,72,82,95
7: +: Normal: 47,72,85,72,87,72,81,72,82,95
7: -: Normal: 47,72,85,72,87,7080,81,72,94,47,72,94,72,82,95
8: +: Normal: 47,72,85,72,87,72,81,72,82,95
8: -: Normal: 47,72,85,72,87,7080,81,72,94,47,72,94,72,82,95
9: +: Normal: 47,72,85,72,87,72,81,72,82,95
9: -: Normal: 47,72,85,72,87,7080,81,72,94,47,72,94,72,82,95
file: include/linux/virtio.h
1: +: Normal: 45,47,72,85,72,81,47,72,85,72,82
1: +: Normal: 48,7080,81,72,94,47,72,94,72,82,95
1: -: Normal: 62,72,81,72,82,7080,81,72,94,47,72,94,72,82

commit: c9157198417076c0c2664ba997e7b0217f61fcce
stable: false
author_date: 1328889627
commit_date: 1329001425

commit message:
6057,31121,7057,186822,17269,115245,31121,7057,186822,6735,7003,195441,194950,249405,17173,22471,194950,10638,6735,9009,148280,113129,194950,195229,15673,6735,7003,4873,195441,84654,17173,195077,265499,196984,17173,19958,8073,11500,39298,196723

simplified commit message:
31121,195520,7962,31121,195520,7003,249406,195795,10638,113129,195229,15673,7003,4873,196502,195795,195077,200124,196984,195795,195520

commit code:
file: drivers/base/regmap/regmap.c
1: +: ECC: 48,81,98,72,92,72,89,72,92,72,93,72,82
1: +: Normal: 43,42,72,95
1: +: Normal: 42,72,87,72,92,72,93,72,95
1: +: Normal: 48,81,72,87,75,95,72,88,72,85,72,95,72,86,82
1: +: EHC: 6106,81,72,92,72,94,72,85,81,72,85,72,82,94,72,82,95
1: +: EHC: 72,87,72,92,72,93,72,81,72,92,72,82,95
1: +: EHC: 72,87,72,81,72,94,72,85,72,94,72,82,95
1: +: ECC: 48,81,72,82
1: +: EHC: 6852,81,72,92,72,94,74,94,72,85,72,94,72,82,95
1: +: EHC: 48,72,95
1: +: Normal: 48,81,72,92,72,82
1: +: Normal: 72,92,72,87,72,95
1: +: Normal: 48,75,95
2: +: ECC: 48,81,98,72,92,72,89,72,92,72,93,72,82
2: -: ECC: 48,81,98,72,92,72,82
3: -: Normal: 42,72,87,72,85,72,92,72,93,72,95
4: -: Normal: 5133,81,98,7479,81,72,94,72,94,72,82,89,72,92,72,88,72,82,95

commit: a5395b83b78f62ccf5e3af854aacd025c2a6e7b5
stable: true
author_date: 1312269849
commit_date: 1312269849

commit message:
207683,195115,195377,6049,6756,195287,6049,196128,9009,19958,196170,6879,112291,197936,126089,2750,2688,14771,3687,2688,7501,19298,61658,7438,7359,194950,2235,2750,2688,5687,195377,6049,6756,19958,39298,18575,65783,195764,195035,148281,195039,6049,6460,195035,16462,19958,195002,6879,23597,63239,195365,3711,4875,3245,14771,2750,2688,7501,122419,458,7057,6972,3711,3245,17269,195205,10427,11425,4147,199645,6879,196901,194950,2241,6735,6049,6756,61658,17269,6814,197050,48216,19958,98796,195766,14771,48216,148280,98796,458,3314,3711,3245,7438,194950,14048,30251,6735,9009,19958,65783,1584,2654,197739,4349,5687,4147,5692,215744,196087,210600,61658,196397

simplified commit message:
195116,3182,6049,6756,195287,6049,14680,56464,112291,103679,2750,2688,2688,7501,5127,2235,2750,2688,5687,3182,6049,6756,18575,195765,6049,195002,195351,4875,3245,2750,2688,7501,458,3245,10427,11425,199645,196902,2241,6049,6756,6814,197050,195139,195766,195139,458,3314,3245,14048,30251,196656,4349,5687,198430,196088,196796,196397

commit code:
file: block/cfq-iosched.c
1: +: Normal: 5040,81,72,92,72,88,75,82,95
1: +: Normal: 72,92,72,86,95

commit: ce5f7a99df87918b5be4618a9386213a8e9a7146
stable: false
author_date: 1330230338
commit_date: 1330231338

commit message:
12957,195274,194954,19958,71192,7057,12957,56760,7438,5814,34779,87218,5814,241015,55248,14771,56369,6879,12957,194950,34779,195011,38294,19649,6331,12957,195397,194950,188306,6735,194950,12957,6331,6972,5814,23256,6879,196423,47286,6186,61658,195274,194954

simplified commit message:
195274,194954,6888,7364,34779,201817,195198,34779,195011,38294,6331,56464,198336,6331,196424,6186,195274,194954

commit code:
file: arch/x86/kernel/process_64.c
1: +: Normal: 23257,81,82,92,72,87,99,72,95

commit: c027a474a68065391c8773f6e83ed5412657e369
stable: true
author_date: 1312036502
commit_date: 1312248252

commit message:
161106,7459,195430,195765,194950,53668,195021,641,216731,109387,7459,85327,1584,195167,16462,196722,194950,53668,195163,243831,195562,7459,19704,40121,61658,1584,197074,6879,47813,8057,56760,195408,7438,48216,134307,194950,7364,196130,19649,53668,2402,243831,6879,18895,6830,40121,195098,14339,194950,56760,16462,134307,142925,195321,221037,6879,195927,5814,126740,50877,40121,1532,196709,15673,215611,196172,48216,195850,195980,6888,40121,6830,206214

simplified commit message:
7459,195765,194983,641,1532,7459,195168,6313,194983,195164,18895,7459,194965,195656,47813,7364,195408,7364,6313,194983,195198,18895,14339,7364,195034,35059,195928,227832,1532,196709,15673,196173,195850,195981,6888

commit code:
file: mm/oom_kill.c
1: +: Normal: 48,81,72,92,72,82
1: -: Normal: 48,81,98,72,92,72,82
2: +: Normal: 48,81,98,72,92,72,82
2: +: Normal: 48,95

commit: b882fc1b03d46e67ffe06133f4f4532db6e8dd0d
stable: true
author_date: 1311810638
commit_date: 1312836890

commit message:
5214,68586,3414,78761,2746,17269,1086,2746,109427,10796,9902,92623

simplified commit message:
5214,3414,78761,2746,1086,2746,194988,92623

commit code:
file: drivers/tty/serial/samsung.c
1: +: Normal: 62,72,81,90,72,82
2: +: Normal: 62,72,72
2: -: Normal: 62,72,72
3: +: Normal: 72,92,72,93,72,87,72,95
3: -: Normal: 72,92,72,93,72,87,90,72,95

commit: 9d225d2208a6f17da5987ff4e7710b9e805cb5d6
stable: false
author_date: 1375962836
commit_date: 1377096424

commit message:
194997,3414,195502,18305,1950,1452,17269,45788,6577,11520,5814,1950,19958,17269,45788,6577,195035,195167,195491,125481,19629,196235,493,195408,196060,194950,493,6577,19958,39298,195002,6786,1950,1452,65783,196346,196022,6972,5814,493,195081,9902,9009,11425,19086,194950,66664,6735,195039,17399,6158,7501,65783,205084,9902,195031,195077,1584,202446,194961,148150,7057,18305,23085,8035,704,19958,39298,5808,194961,200168,493,195355,5808,6879,194961,194950,98567,65783,194950,11425,38382,194950,6879,19958,58939,22471,196581,7501,17269,16462,195492,74374,194950,45788,6577

simplified commit message:
3414,6786,1950,1503,135673,6577,1950,135673,6577,195168,3921,125481,8811,195408,196060,8811,6577,195002,6786,1950,1503,196347,196022,8811,11425,3414,66664,17399,6158,7501,196894,176055,195077,47524,8811,8035,704,8811,81886,8811,21763,8811,196915,11425,195335,220402,58939,196581,7501,181954,195017,135673,6577

commit code:
file: net/bluetooth/sco.c
1: +: Normal: 48,81,72,92,72,88,72,89,98,81,72,92,72,88,72,89,6051,81,72,94,90,1049,81,72,82,92,72,82,82,82
1: -: Normal: 48,81,72,92,72,88,72,82
2: +: Normal: 48,81,72,92,72,88,72,89,98,81,72,92,72,88,72,89,6051,81,72,94,90,1049,81,72,82,92,72,82,82,82
2: -: Normal: 48,81,72,92,72,88,72,82

commit: 8907de5dc6e9d5925cf3b0a698cc3a4272fda073
stable: false
author_date: 1475884758
commit_date: 1475891188

commit message:
197716,2816,12882,53668,194950,2816,12882,53668,17269,5814,41432,19958,195218,195098,39298,20257,7057,56464,56464,195444,39297,197637,194950,2816,12882,53668,195310,2654,194978,46904,194950,7345,6735,195209,197032

simplified commit message:
197170,2816,156462,194983,2816,156462,194983,41432,195118,11039,56464,56464,195445,197170,2816,156462,194983,41432,194978,195186,7345,195210,12447

commit code:
file: include/linux/memblock.h
1: +: Normal: 72,72,81,42,82,95
file: mm/memblock.c
1: +: Normal: 72,72,81,42,82
1: +: Normal: 48,72,93,72,93,72,95

commit: 6d4ebeb4df0176b1973875840a9f7e91394c0685
stable: true
author_date: 1394113216
commit_date: 1394135183

commit message:
199138,113129,493,12866,4368,6879,23597,196224,17269,201214,195152,493,12866,4368,1086,19958,195866,11520,493,838,19958,53487,17269,14771,195003,24787,14771,197901,24787,148281,5862,17269,28629,56594,195408,7438,493,19958,2453,39297,194950,8285,6735,195003,24787,19649,12866,4368,134308,39298,23597,195866,196464,9902,194950,493,151797,6756,19958,195766,7359,65783,195758,61658,195044,194950,493,19958,196283,12981,39297,194950,8285,6735,195003,24787,194950,8285,6735,197901,24787,195430,195220,1584,19704,19649,12866,4368,19958,196224,6879,195619,194950,197901,8285,19649,493,87218,195041,2453,194950,197901,8285,134308,106837,161027,39297,9009,19958,38754,194950,195156,2746,195333,195047,197901,197258,5510,7630,33411,53668,6879,198071,1584,113129,493,12866,4368,1086,6879,23597,195866,19704,493,7520,19958,13527,17269,95889,16462,195459,194950,197901,8285,195220,194950,210806,17269,5687,65783,19649,1950,19958,2453,61658,65783,1584,195430,15496,8149,6879,1584,48216,194976,7447,194950,197901,183195,2746,103680,7057,199016,14771,4639,198613

simplified commit message:
113129,8811,12866,4368,196225,201215,6814,8811,12866,4368,1086,10638,8811,197780,195111,195004,21705,15496,21705,24587,195195,8285,195408,8811,10029,8285,195004,21705,12866,4368,134308,10638,196465,8811,195157,6756,195766,195758,195044,8811,196283,8285,195004,21705,8285,15496,21705,195220,194965,12866,4368,196225,195619,15496,8285,8811,10029,15496,8285,134308,195539,195183,196001,176055,2746,195334,195048,15496,197259,5510,11765,194983,195625,113129,8811,12866,4368,1086,10638,194965,8811,7520,194952,195274,15496,8285,195220,210806,5687,1950,10029,15496,195183,194976,194952,15496,2746,2607,199017,197667

commit code:
file: net/tipc/config.c
1: -: Normal: 42,72,95
2: +: Normal: 72,81,90,72,94,72,94,72,94,72,92,72,94,72,92,72,82,95
2: -: Normal: 72,87,72,81,90,72,94,72,94,72,94,72,92,72,94,72,92,72,82,95
2: -: Normal: 48,81,72,88,75,82
2: -: Normal: 7284,81,74,82,95
file: net/tipc/server.c
1: -: Normal: 47,72,85,72,87,72,92,72,95
2: -: Normal: 48,81,72,92,72,82
2: -: Normal: 72,92,72,81,72,92,72,94,72,92,72,82,95
3: +: Normal: 48,81,72,92,72,82
3: +: Normal: 72,92,72,81,72,92,72,94,72,92,72,82,95
file: net/tipc/subscr.c
1: -: Normal: 42,72,95
3: +: Normal: 72,81,90,72,94,72,92,72,94,72,94,72,93,72,94,72,93,72,82,95
3: -: Normal: 72,87,72,81,90,72,94,72,92,72,94,72,94,72,93,72,94,72,93,72,82,95
3: -: Normal: 48,81,72,88,75,82
3: -: Normal: 7284,81,74,82,95

commit: e976cf6f135713cb6f4c904bf24fadfbbf325160
stable: false
author_date: 1404202278
commit_date: 1404859897

commit message:
18638,198201,19958,194993,1532,17269,196711,7447,14776

simplified commit message:
26654,194993,1532,16376,194952,195961

commit code:
file: drivers/staging/rtl8723au/hal/usb_ops_linux.c
1: +: ECC: 48,81,72,92,72,82
1: -: ECC: 48,81,72,92,72,89,72,92,72,93,72,82
2: +: EHC: 6248,81,72,94,72,94,81,74,82,82,95
2: -: EHC: 6248,81,72,94,72,94,81,74,74,82,82,95
3: +: ECC: 48,81,72,92,72,89,72,92,72,82
3: -: ECC: 48,81,72,92,72,89,72,92,72,89,72,92,72,93,72,82
4: +: EHC: 6248,81,72,94,72,94,81,74,74,82,82,95
4: -: EHC: 6248,81,72,94,72,94,81,74,74,74,82,82,95
file: drivers/staging/rtl8723au/include/rtw_pwrctrl.h
1: -: Normal: 47,72,72,72,95
1: -: Normal: 47,72,72,72,95
file: drivers/staging/rtl8723au/os_dep/usb_ops_linux.c
1: +: ECC: 48,81,72,92,72,89,72,92,72,82
1: -: ECC: 48,81,72,92,72,89,72,92,72,89,72,92,72,93,72,82
2: +: EHC: 6248,81,72,94,72,94,81,74,74,94,72,82,82,95
2: -: EHC: 6248,81,72,94,72,94,81,74,74,74,82,82,95

commit: bfc1010c418a22cbebd8b1bd1e75dad6a527a609
stable: true
author_date: 1393973633
commit_date: 1394134197

commit message:
197960,215461,3414,195130,7475,3216,6735,6101,17269,9114,208395,197960,198018,3414,195130,7475,3216,6735,6101,215463,14563,5814,195014,195578,39297,19629,19930,7475,196094,6735,37449,9009,11425,195459,194950,39484,3414,7057,215461

simplified commit message:
3414,7475,195604,9114,208396,3414,7475,195604,3414,195014,195018,19930,7475,195604,29751,11425,195274,3414

commit code:
file: drivers/net/wireless/rtlwifi/rtl8723ae/hw.c
1: +: Normal: 43,42,72,95
2: +: Normal: 72,81,72,82,95
2: +: Normal: 2394,81,82,95
3: +: EHC: 48,72,95
3: -: EHC: 48,72,95
4: +: Normal: 48,72,95
4: -: Normal: 72,92,72,87,72,95
4: -: Normal: 48,72,95
5: +: Normal: 72,97,21451,81,72,82,95
5: +: Normal: 21451,81,72,82,95

commit: 594daba1bcb0510cdc9dccfbab9e6fd5d9cc94e6
stable: false
author_date: 1370276019
commit_date: 1371070631

commit message:
6348,9838,21454,195809,2746,195016,6735,199903,194950,2746,195016,6735,61658,65783,6972,2746,98567,141932,19958,18917,17269,194950,131712,6577

simplified commit message:
195810,2746,195017,195810,2746,195017,2746,196915,18917,60376,6577

commit code:
file: drivers/usb/dwc3/dwc3-omap.c
1: +: EHC: 48,72,95
1: -: EHC: 48,72,95
2: +: EHC: 48,72,95
2: -: EHC: 48,72,95
3: +: EHC: 48,72,95
3: -: EHC: 48,72,95
4: +: Normal: 72,97,72,81,72,82,95
4: +: Normal: 7479,81,72,82,95
4: +: Normal: 72,97,791,81,72,82,95
4: +: Normal: 791,81,72,82,95
4: +: Normal: 72,97,15772,81,72,82,95
4: +: Normal: 15772,81,72,82,95
4: +: EHC: 48,72,95

commit: ac93ac7403493f8707b7734de9f40d5cb5db9045
stable: true
author_date: 1394569392
commit_date: 1394644760

commit message:
203540,195122,65783,6830,3108,85464,12932,5139,5795,17269,4026,104570,6972,5814,53840,39298,1532,210600,196709,4306,11359,7317,33411,23008,78519,17269,196711,8057,3108,4026,195708,7057,4925,174673,7630,9009,195518,195507,48216,195462,14339,12932,23231,6735,6886,195375,195507,48216,195239,195219,148281,6735,7345,18575,11520,4510,19958,194961,5940,134295,4307,6972,6886,195375,195359,194961,195507,194961,201573,195104,48216,196709,56464,4307,194961,6879,197422,65783,104570,22471,9009,4026,148280,11765,13710,122419,11765,196315,7438,1584,196709,196918,194950,5139,7400,61658,48216,122419,195589,196022,6972,65783,5814,6886,195375,12932,4026,19958,196275,39298,195045,1901,195098,48216,49240,196201,12578,6879,1584,9902,5814,53543,11520,48216,195147,134307,195333,195616,7071,4925,146529

simplified commit message:
2607,196031,12932,5139,1518,195020,24396,53840,1532,196796,196709,11359,7317,11359,16376,195020,24396,195319,23232,11765,195519,195508,195463,14339,12932,195020,195508,195239,7345,18575,6206,134295,7523,195508,42119,195105,196709,56464,195100,24396,195020,11765,11765,196315,196709,196917,5139,29024,196022,12932,195020,196276,195046,1901,196201,12578,53543,195334,7071,195319,205135

commit code:
file: drivers/pci/bus.c
1: -: Normal: 48,81,98,4307,81,90,72,82,82
1: -: Normal: 48,95

commit: af7346ebbda5f4a95da71359231d32cb136bd246
stable: false
author_date: 1343398078
commit_date: 1343398078

commit message:
55682,7447,14776,11359,3385,14969,7447,14776,3385,14969,22471,6776,9009,195021,211739,22471,194950,186384,14771,19958,33411,195434,5147

simplified commit message:
194952,195961,11359,3385,14969,194952,195961,3385,14969,6776,211740,195820,195434,56464

commit code:
file: include/linux/device-mapper.h
1: -: Normal: 47,42,81,85,72,82,81,47,72,85,72,82,95
2: -: Normal: 47,72,72,72,95

commit: 3cdeb713dc66057b50682048c151eae07b186c42
stable: true
author_date: 1394569339
commit_date: 1394644758

commit message:
199912,195122,65783,6830,3108,4322,215454,7438,4812,18917,195212,26494,197454,198429,197163,12408,170434,9009,195518,195507,6972,194950,15417,4925,5147,17269,194950,5127,196589,194950,29751,3216,6206,16462,196872,195253,194950,195318,34840,15417,5510,103680,195227,48216,71192,194950,29751,3216,6206,17269,16462,19958,5147,39297,195230,11935,14771,195098,48216,56464,6830,194950,7348,134308,134307,6243,34840,11500,9009,11425,196589,29751,3216,194998,11520,87218,39298,195041,6243

simplified commit message:
2607,195422,18917,195604,198430,194952,3406,1705,195519,195508,195319,56464,5127,6888,29751,195604,6206,196873,7099,195319,5510,2607,10427,6888,29751,195604,6206,56464,56464,7348,134308,195422,11425,6888,29751,195604,194999,195422

commit code:
file: drivers/pci/pci.c
1: +: Normal: 48,81,72,92,72,89,72,92,72,82
1: +: Normal: 48,75,95

commit: 2cc751545854d7bd7eedf4d7e377bb52e176cd07
stable: false
author_date: 1477144625
commit_date: 1477960630

commit message:
30208,4347,94065,50877,131499,7003,194950,30208,4347,197740,18573,94065,195402,195814,16462,148281,5147,6879,197904,131499,7003,6830,65783,7003,19958,21808,1584,19958,3821,9902,1584,19958,21996,65783,194950,30208,4347,148280,39298,23597,198320,6879,195072,63188,131499,7003,7057,5814,7475,5687,9009,195554,198402,195081,201970,7003,17269,53668

simplified commit message:
4347,6759,131499,7003,4347,24396,18573,6759,195403,195495,56464,197904,131499,7003,7003,34779,195257,4347,139350,195073,131499,7003,7475,5687,195311,195855,201971,7003,194983

commit code:
file: drivers/char/hw_random/core.c
1: +: Normal: 6998,81,72,94,75,94,72,82,95
2: +: Normal: 6998,81,72,94,75,94,7479,81,82,82,95
3: +: Normal: 6998,81,72,94,75,94,7479,81,82,82,95

commit: 6fcb8a3a3a542ca078dc739fe0ea97191bc59e74
stable: true
author_date: 1316441875
commit_date: 1316603194

commit message:
44251,3414,27669,7037,7257,599,1086,6788,7057,17269,9114,1875,50877,195177,195021,199508,6879,194950,7348,195123,195397,194950,4110,6788,16462,24330,17269,5814,196218,2746

simplified commit message:
3414,27669,7257,1086,6788,9114,195702,11828,195458,7348,195123,56464,4110,6788,7153,195149,2746

commit code:
file: drivers/mfd/jz4740-adc.c
1: +: Normal: 72,92,72,93,72,87,72,95
1: -: Normal: 72,92,72,93,72,87,72,95

commit: 5e6ecb362bd5950a3d8ce19c32829e4f8c7917d9
stable: false
author_date: 1444750569
commit_date: 1444793820

commit message:
195203,3414,34727,9742,6273,6735,82275,21391,11520,165278,7317,7438,11520,165278,5814,7317,48216,58281,5814,82275,14771,195221,25220,170616,142925,31342,194950,9742,7276,7368,87218,194950,6206,1532,48216,5701,2249,195925,194950,26530,9742,14771,85327,195019,195221,25220,206512,1584,2411,16462,195101,134307,142925,195041,31342,39297,195039,8057,7364,17711,194950,2272,6273,195588,195152,9009,2654,194998,195519,195402,5814,10638,6879,194950,215450,15495,9902,19649,194950,194998,25220,6735,65783,109387,194950,6206,3414,9009,39297,198402,194950,6273,198727,6879,194950,25220

simplified commit message:
3414,195572,195236,6273,82275,21391,4875,7317,4875,7317,58281,82275,25220,195034,5570,195236,6331,6206,1532,5701,6273,82275,195236,195019,25220,6273,195101,195034,5570,7364,195013,2272,6273,195519,6814,194999,195519,195403,10638,15495,194999,25220,1532,6206,3414,195855,6273,197387,25220

commit code:
file: fs/btrfs/extent_io.c
1: +: Normal: 48,81,72,82
1: +: Normal: 7479,81,72,82,95
1: +: Normal: 7479,81,72,94,72,94,72,85,72,85,75,94,90,72,94,72,82,95
1: -: Normal: 7479,81,72,94,72,94,72,85,72,85,75,94,90,72,94,72,82,95

commit: ec7e43e2d98173483866fe2e4e690143626b659c
stable: true
author_date: 1377876349
commit_date: 1379976210

commit message:
12906,195927,5814,5869,196456,142942,6879,194950,181954,52784,6972,194950,5869,3740,7438,5814,5869,6972,194950,5869,3740,195447,6879,23597,53042,19704,1584,19958,42056,1584,2654,23597,195921,6879,5814,197874,990,11520,194950,3740,19958,12408,48216,3922,6879,24134,194950,5869,3740,18164,6993,17269,194950,5869,196456,11520,194950,5869,17269,197417,7057,194950,199320,71338,195039,9878,5147,6879,24134,194950,5869,3740,18165,58174,195135,6735,18164,195738,195524,198437,195507,18164,6879,24863,18165,195852,195524,8057,9878,195492,5147,194950,18164,6993,195098,24640,39298,18895,7438,1584,197986,6879,5814,1901,52784,11500,5814,3182,52784,9009,195578,7057,195560,3406,704,5869,6879,5659,17269,17269,195616,6735,195517,9009,122419,194976,197569,195039,202067,66664,195522,17269,5869,199320,195517,9009,11425,19958,195309,6972,5814,11425,199054,39297,215448,187768,6879,195098,85327,202318,9009,11425,122419,23597,195525,6879,195526,9902,4110,9902,195369,65783,195493,194950,9114,12906,9310,9231,5869,3740,1086

simplified commit message:
195928,5869,196457,128,181954,5869,3740,5869,5869,3740,33158,194965,195017,154636,197874,153045,3740,3406,3922,24134,5869,3740,197418,6993,5869,196457,5869,197418,23549,71338,5869,56464,24134,5869,3740,195087,6993,195135,197418,195524,1705,195508,197418,24863,195087,86181,195524,5869,181954,56464,197418,6993,18895,128,1901,3182,195018,195561,3406,704,5869,5659,71338,194976,197570,202067,66664,195519,5869,23549,71338,11425,6268,11425,11361,187768,202318,11425,53840,4110,195493,9114,9310,8676,5869,3740,1086

commit code:
file: drivers/usb/host/xhci-hub.c
1: +: Normal: 72,92,72,87,72,81,72,92,72,82,95
1: -: Normal: 72,92,72,87,72,92,72,92,72,95
file: drivers/usb/host/xhci-ring.c
1: +: Normal: 47,72,85,72,81,47,72,85,72,82
1: +: ECC: 48,81,72,81,72,92,72,92,72,93,72,82,82
1: +: EHC: 48,72,92,72,92,72,92,72,95
1: +: Normal: 48,72,92,72,95
file: drivers/usb/host/xhci.c
1: +: Normal: 72,92,72,87,72,81,72,92,72,82,95
1: -: Normal: 72,92,72,87,72,92,72,92,72,95
1: -: Normal: 48,81,72,81,72,92,72,92,72,93,72,82,82
1: -: Normal: 72,92,72,87,72,92,72,92,72,92,72,92,72,95
2: +: Normal: 72,87,72,81,72,92,72,82,95
2: -: Normal: 72,87,72,92,72,92,72,95
3: +: Normal: 72,92,72,87,72,81,72,92,72,82,95
3: -: Normal: 72,92,72,87,72,92,72,92,72,95
3: -: Normal: 48,81,72,81,72,92,72,92,72,93,72,82,82
3: -: Normal: 72,92,72,87,72,92,72,92,72,92,72,92,72,95
4: +: Normal: 72,87,72,81,72,92,72,82,95
4: -: Normal: 72,87,72,92,72,92,72,95
5: +: Normal: 72,87,72,81,72,92,72,82,95
5: -: Normal: 72,87,72,92,72,92,72,95
file: drivers/usb/host/xhci.h
1: +: Normal: 47,72,85,72,81,47,72,85,72,82,95

commit: 48ec92fa4f16c0f71e95c31490c03b6c9e0e793b
stable: false
author_date: 1412671450
commit_date: 1414216583

commit message:
194997,197678,197096,6735,194950,3565,6735,5814,3718,6735,194950,106846,196052,194975,22471,5814,4056,10989,48216,2654,195196,194950,1086,39297,195728,194950,45303,4056,6993,6879,1584

simplified commit message:
27444,194974,3718,194987,196052,194975,10989,195197,1086,35059,45303,6993

commit code:
file: include/net/bluetooth/hci_core.h
1: +: Normal: 42,72,81,47,72,85,72,94,47,72,85,72,94,72,72,94,72,85,72,94,72,72,82,95
1: -: Normal: 42,72,81,47,72,85,72,94,72,85,72,94,72,72,94,72,72,94,72,72,94,72,85,72,94,72,72,94,72,85,72,82,95
file: net/bluetooth/hci_event.c
1: +: Normal: 72,81,72,94,72,94,75,94,72,94,72,82,95
1: -: Normal: 72,81,72,94,72,94,72,94,75,94,75,94,72,94,72,94,72,92,72,82,95
2: +: Normal: 72,81,72,94,72,94,75,94,72,94,75,82,95
2: -: Normal: 72,81,72,94,90,72,92,72,94,72,92,72,94,72,92,72,94,75,94,72,94,75,94,72,92,72,82,95
3: +: Normal: 72,81,72,94,72,94,75,94,72,94,75,82,95
3: -: Normal: 72,81,72,94,90,72,92,72,94,72,92,72,94,72,92,72,94,75,94,72,94,75,94,72,92,72,82,95
4: +: Normal: 72,81,72,94,72,94,75,94,72,94,75,82,95
4: -: Normal: 72,81,72,94,90,72,92,72,94,72,92,72,94,72,92,72,94,75,94,72,94,75,94,72,82,95
file: net/bluetooth/l2cap_core.c
1: +: Normal: 72,81,72,94,72,94,75,94,72,94,75,82,95
1: -: Normal: 72,81,72,94,90,72,92,72,94,72,92,72,94,72,92,72,94,75,94,72,94,75,94,72,92,72,82,95
file: net/bluetooth/mgmt.c
1: +: Normal: 42,72,81,47,72,85,72,94,47,72,85,72,94,72,72,94,72,85,72,94,72,72,82
1: -: Normal: 42,72,81,47,72,85,72,94,72,85,72,94,72,72,94,72,72,94,72,72,94,72,85,72,94,72,72,94,72,85,72,82
2: +: Normal: 3577,81,90,72,92,72,93,72,94,90,72,92,72,82,95
2: +: Normal: 72,92,72,93,72,87,7479,81,72,92,72,94,72,92,72,82,95
2: -: Normal: 3577,81,90,72,92,72,93,72,94,72,82,95
2: -: Normal: 72,92,72,93,72,87,7479,81,72,94,72,82,95
3: +: Normal: 48,81,72,92,72,89,1508,81,72,92,72,94,74,94,75,82,88,75,82
3: -: Normal: 48,81,72,89,1508,81,72,94,74,94,75,82,88,75,82
4: +: Normal: 72,87,7479,81,72,92,72,94,72,94,72,94,72,92,72,94,75,82,95
4: -: Normal: 72,87,7479,81,72,92,72,94,72,94,72,94,72,94,75,82,95

commit: 284d20552461466b04d6bfeafeb1c47a8891b591
stable: true
author_date: 1378368080
commit_date: 1379976210

commit message:
12906,3414,195514,195522,6830,5139,7145,5659,11520,5814,5869,25142,6460,194950,5869,3740,19958,2272,15644,14771,85327,12408,7438,194950,5869,3740,19958,44970,11520,1584,19958,12408,194950,3406,5510,148280,128,6879,2230,5869,16462,19958,39298,195002,1532,12906,34874,6879,7175,9009,2230,5510,195524,195131,19629,195514,195147,7175,5869,7373,11791,6972,12408,6956,3740,7438,3740,19958,44970,9009,11425,122419,23597,195525,6879,195526,9902,4110,9902,195369,65783,195493,194950,9114,12906,9310,9231,5869,3740,1086

simplified commit message:
3414,195515,195519,5139,195076,5659,5869,5687,5869,3740,2272,8676,3406,5869,3740,195523,3406,3406,5510,128,2230,5869,195002,1532,195187,195017,2230,5510,195524,195018,195515,195017,5869,195006,5510,3406,3740,3740,195523,11425,53840,4110,195493,9114,9310,8676,5869,3740,1086

commit code:
file: drivers/usb/host/xhci-ring.c
1: +: Normal: 48,81,72,92,72,92,72,88,72,92,72,92,72,82
1: +: Normal: 48,95

commit: 77e75fc764baf65394f0f1a934ae1cb4e575d48d
stable: false
author_date: 1305711130
commit_date: 1315848543

commit message:
18171,4776,195185,6735,41567,18170,4173,64385,4776,194950,195185,38816,7057,194950,2241,6735,18170,64385,6879,185013,65783

simplified commit message:
195335,195186,195520,195335,195186,195521,2241,185013

commit code:
file: arch/x86/kernel/cpu/intel_cacheinfo.c
1: +: Normal: 48,81,72,93,72,88,75,82
1: +: Normal: 72,92,72,79,75,80,87,72,87,98,81,72,90,6206,81,75,82,82,95
1: +: Normal: 72,92,72,79,75,80,87,72,87,98,81,72,90,6206,81,75,82,82,95

commit: fbd986cd420d1deeabf1039ec4e74075a5639db5
stable: true
author_date: 1378740719
commit_date: 1380159971

commit message:
2059,195504,3414,195514,17269,17269,195039,195517,5814,7459,6993,194963,195518,195507,7003,19958,7459,11520

simplified commit message:
3414,195515,71338,7459,6993,194964,195519,195508,7003,7459

commit code:
file: drivers/mmc/host/atmel-mci.c
1: +: Normal: 48,81,72,82
1: +: Normal: 48,81,72,90,72,82
1: +: Normal: 72,92,72,87,85,72,95
1: +: Normal: 48,81,72,90,72,82
1: +: Normal: 72,92,72,87,85,72,95
1: +: Normal: 72,92,72,87,85,72,95
1: -: Normal: 48,81,72,90,72,82
1: -: Normal: 72,92,72,87,85,72,95
1: -: Normal: 48,81,72,90,72,82
1: -: Normal: 72,92,72,87,85,72,95
1: -: Normal: 72,92,72,87,85,72,95

commit: 1b348f0594ec31b974cd8082dd5f1e4b5f3aa2db
stable: false
author_date: 1346896007
commit_date: 1346900788

commit message:
18638,192648,7447,14258,6993,195513,26287,194950,4182,6791,22471,6993,195513,6879,7085,6791

simplified commit message:
26654,194952,6993,195513,26287,6791,6993,195513,7085,6791

commit code:
file: drivers/staging/comedi/drivers/multiq3.c
1: +: Normal: 47,72,85,72,87,90,72,92,72,79,75,80,95
2: +: Normal: 48,81,72,87,75,95,72,88,72,92,72,95,72,86,82
2: -: Normal: 48,81,72,87,75,95,72,88,72,92,72,79,75,80,93,72,95,72,86,82
3: +: Normal: 72,87,90,72,92,72,79,75,80,95
3: -: Normal: 72,87,72,92,72,85,75,95
4: +: Normal: 72,87,90,72,92,72,79,75,80,95
4: -: Normal: 72,87,72,92,72,85,75,95
5: +: Normal: 72,87,90,72,92,72,79,75,80,95
5: -: Normal: 72,87,72,92,72,85,75,95
6: +: Normal: 72,87,90,72,92,72,79,75,80,95
6: -: Normal: 72,87,72,92,72,85,75,95
7: +: Normal: 72,87,90,72,92,72,79,75,80,95
7: -: Normal: 72,87,72,92,72,85,75,95

commit: c1fa3426aa5c782724c97394303d52228206eda4
stable: true
author_date: 1378740596
commit_date: 1380159936

commit message:
2059,195504,8676,5224,6972,5659,2746,11520,5814,50602,5659,195438,194950,5224,19958,39298,12408,17269,7001,71338,1584,195190,7001,5392,6879,23597,195506,195507,194950,5224,19958,195123,3296,195131,195156,23871,6879,23597,4208,195098,39298,81943

simplified commit message:
8676,5224,5659,2746,195505,5659,195439,5224,3406,71338,195018,5392,195506,195508,5224,195123,195509,195018,176055,5224,195510,195511

commit code:
file: drivers/mmc/host/atmel-mci.c
1: +: Normal: 48,81,72,92,72,88,72,82
1: +: Normal: 72,92,72,81,72,82,95

commit: a42cbec9c662ced87f1d0f22a1c114de4cf6e352
stable: false
author_date: 1473899019
commit_date: 1474905841

commit message:
195203,9310,2746,195016,7057,3408,6759,17269,2294,1894,195498,48216,3076,11520,374,5687,48216,14677,2746,195016,7057,9009,195501,6110,22471,195502,5814,7459,6993,10532,11520,195361

simplified commit message:
9310,2746,195017,3408,6759,2294,1894,195498,195022,374,5687,195335,2746,195017,38294,6110,6786,7459,6993,10532,11765

commit code:
file: fs/btrfs/print-tree.c
1: +: Normal: 48,81,7224,81,72,82,82
1: +: Normal: 48,95
1: +: Normal: 48,81,98,72,81,72,82,82
1: +: Normal: 18177,81,72,82,95
1: +: Normal: 48,95

commit: 5b0ff9a00755d4d9c209033a77f1ed8f3186fe5c
stable: true
author_date: 1490392968
commit_date: 1493147798

commit message:
195483,195484,112291,905,7057,94977,7003,195038,6972,19629,94977,18096,16462,148280,85327,2402,194998,5814,195486,6735,19649,5940,195131,5814,905,50877,194950,195487,195166,17269,1086,2746,19958,5147,94977,17269,9009,1086,194961,194950,7501,19958,195491,181954,7945,48216,98796,1532,14415,5940,6735,194950,25233,18096,195098,195166,195492,142942,6460,65783,194950,2272,6791,195167,195493,94977,7003,9009,195494,194950,18096,6879,18575,2272,19704,1043,194950,195496,5940

simplified commit message:
112291,4760,195485,7003,10638,195485,18096,195198,194999,6206,195018,4760,195487,1086,2746,56464,195485,1086,7501,3921,181954,195069,195139,1532,6206,18096,181954,128,2272,6791,195168,195493,195485,7003,195495,18096,18575,2272,194965,1532,195497,6206

commit code:
file: drivers/infiniband/hw/hns/hns_roce_hw_v1.c
1: +: Normal: 72,79,75,80,87,75,95

commit: cb3fc1ff46667ee4ab23ef22c9e391aa7d014cdf
stable: false
author_date: 1414194493
commit_date: 1416919652

commit message:
12492,195478,9310,1043,7057,195479,6879,24541,19649,53543,23936,7072,4960,5066

simplified commit message:
9310,1532,195480,53543,195481,7072,4960,195482

commit code:
file: sound/soc/fsl/fsl-asoc-card.c
2: +: Normal: 47,72,72,72,95
3: +: ECC: 48,81,72,92,72,82
3: +: EHC: 72,87,72,81,72,92,72,94,75,94,75,94,75,94,72,92,72,82,95
3: +: ECC: 48,81,72,82
3: +: EHC: 6852,81,72,94,74,82,95
3: +: EHC: 48,72,95
4: +: Normal: 72,92,72,93,72,87,75,95

commit: 5229d87edcd80a3bceb0708ebd767faff2e589a9
stable: true
author_date: 1314886807
commit_date: 1316122305

commit message:
195469,14563,194950,195470,16462,195472,19629,195349,21705,9009,11425,14563,194950,195470,16462,195472,19629,195349,21705,19704,3182,11520,130133,3190,6735,195473,19629,195349,21705,19958,16268,14771,1584,195474,195476,6879,32898,5814,21705,6830,3182,2249

simplified commit message:
3414,195471,195004,195350,21705,11425,3414,195471,195004,195350,21705,194965,3182,56464,195350,21705,195004,195475,195477,195004,21705,3182

commit code:
file: drivers/net/pch_gbe/pch_gbe_main.c
1: -: Normal: 72,87,12271,81,90,72,92,72,92,72,82,95
1: -: Normal: 72,87,72,95
1: -: Normal: 707,81,72,94,90,72,92,72,92,72,82,95
1: -: Normal: 707,81,72,94,90,72,92,72,92,72,82,95
2: +: Normal: 45,42,72,81,47,72,85,72,82
2: +: Normal: 72,72,95
2: +: Normal: 72,87,12271,81,90,72,92,72,92,72,82,95
2: +: Normal: 72,87,72,95
2: +: Normal: 707,81,72,94,90,72,92,72,92,72,82,95
2: +: Normal: 707,81,72,94,90,72,92,72,92,72,82,95
2: +: Normal: 48,95
3: +: Normal: 7479,81,90,72,92,72,82,95

commit: b1cbc6d40c85639d405fee37c7bb688c3bf468d6
stable: false
author_date: 1432333405
commit_date: 1433255893

commit message:
138112,195274,195449,195450,39297,20457,4954,195451,6879,194950,195453,195454,17269,194950,195455,4873,12635,3687,138112,31121,195011,33158,6879,46904,195302,12368,1010,195130,9009,11425,195457,6879,14771,195459,1584,195449,61658,65783,194950,1086,2654,195019,23597,14677,6879,46904,195302,28629,5739,195451,6879,19958,3821,5814,195460,188337,195461,35723,194950,131712,4588,195021,195462,20457,195135,6735,9009,195021,195464,6879,194950,195465,195467,1086,14771,2684,18749,11349,5814,14327,11425,14771,14563,9009,3314

simplified commit message:
195274,195449,195186,23250,4954,195452,195454,195456,4873,12635,31121,195011,33158,195186,1010,11425,195458,195274,195449,1086,195019,195335,195186,195195,1010,195452,195460,188337,195461,60376,4588,195463,23250,195135,195464,195466,195468,1086,195158,6788,7962,195458,11425,3414,3314

commit code:
file: mm/page-writeback.c
2: +: Normal: 45,43,42,72,81,47,72,85,72,82
2: -: Normal: 43,42,72,81,47,72,85,72,94,43,42,72,82
3: +: Normal: 43,42,72,87,72,92,72,95
4: +: Normal: 72,81,90,72,92,72,94,90,72,92,72,92,72,94,90,72,94,90,72,82,95
4: -: Normal: 72,81,90,72,92,72,94,90,72,92,72,94,90,72,94,90,72,82,95
5: +: Normal: 7479,81,72,92,72,94,90,72,94,90,72,82,95
5: -: Normal: 7479,81,72,94,90,72,94,90,72,82,95
6: +: Normal: 43,42,72,81,47,72,85,72,94,43,42,72,82
6: +: Normal: 47,72,72,87,83,72,81,72,82,94,93,72,87,72,94,84,95
6: +: Normal: 48,7479,81,90,72,82,95
7: +: Normal: 72,92,72,87,7479,81,72,82,95
7: -: Normal: 72,92,72,87,7479,81,72,92,72,94,72,92,72,82,95

commit: e6f577893d0a4c1f62585bc426ab32d88593d7da
stable: false
author_date: 1460724451
commit_date: 1460971256

commit message:
3414,199757,29462,4766,50603,6577,198628,6972,6874,5717,195464,6879,195039,50603,195991,194950,35818,4322,6206,17269,6874,5717,6165,17173,195167,39298,6786,1532,6972,131256,9902,5814,195533,48216,18895,194950,6186,17269,6941,4136,10797,17173,195135,194950,195533,195021,11349,17269,9114,194989,204402,3717,197677,22427,194961,194961,50602,195533,7057,195502,194950,5991,6186,6735,29462,6874,5717,6972,32468,206507,205178,6972,137669,194961,50877,29462,6972,6874,5717,162422,10064,195225,65783,9009,19958,194950,71338,194976,6972,199757,61658,194986,194950,195533,6879,199757,48216,195123,134307,194950,7145,12319,17173,18895,17269,31326,61658,9009,122419,39298,6786,196474,50877,11559,6972,6941,4136,9009,19086,5814,2241,6735,6577,196713,82769,6972,199757,29462,6874,5717

simplified commit message:
3414,198627,195252,6577,198628,6874,5717,195464,195252,1518,195422,6206,6874,5717,6165,195795,195168,6786,1532,195533,18895,6186,6941,4136,195795,195135,195533,7962,9114,194989,3717,195505,195533,6786,6186,6874,5717,206508,195062,206876,6874,5717,162422,11354,71338,194976,194986,195533,195123,195076,197019,195795,18895,31326,6786,195468,6941,4136,3414,2241,6577,196713,4760,6874,5717

commit code:
file: drivers/gpu/drm/i915/intel_dsi.c
2: +: Normal: 48,81,81,17289,81,72,82,89,17156,81,72,82,82,89,72,88,72,82
2: -: Normal: 48,81,17289,81,72,82,89,72,88,72,82

commit: 41bc3186b3c92a4ca05e2aa14bb6272fb491e679
stable: true
author_date: 1316405991
commit_date: 1316967205

commit message:
122419,7523,131712,62434,5807,194950,6814,7501,195359,5396,95024,6735,131712,62434,199502,50877,5397,95024,6735,5088,62434

simplified commit message:
7523,60376,6814,7501,7523,5396,95024,60376,196839,5397,95024,5088

commit code:
file: arch/x86/kvm/mmu.c
1: +: Normal: 72,93,72,87,72,92,72,95
1: +: Normal: 72,92,72,87,72,93,72,95
1: -: Normal: 72,93,72,87,72,92,72,87,72,93,72,95

commit: c411ead995b46f361b92116fd042ae83866044a1
stable: true
author_date: 1431495398
commit_date: 1432128966

commit message:
186091,194986,3414,7057,3108,195246,21728,202717,6879,14415,197536,195801,3414,7057,202717,87218,6879,23597,98771,9902,194950,39484,195014,196287,211936,35724

simplified commit message:
194986,3414,195247,21728,188330,195801,3414,188330,194986,195014,196145

commit code:
file: drivers/ssb/driver_pcicore.c
2: +: Normal: 2069,81,75,94,75,82,95
2: -: Normal: 48,81,72,92,72,92,72,92,72,88,75,82
2: -: Normal: 2069,81,75,94,75,82,95

commit: 94a12b15e4c575e0aa0ba5e24a4f213163a823d0
stable: false
author_date: 1386460758
commit_date: 1386730055

commit message:
197120,9310,198459,31121,9310,31121,7057,195002,195731,55700,10144,6735,194950,199464,5331,199464,49439,194976,198138,9902,198459,1584,148280,19300,194950,7501,14771,7003,50877,195227,11349,202151,196111,194950,203598,2718,17269,195738,195988,148281,211021,7359,195659,22471,194950,60610,128,6735,21608,48216,49240,196598,5814,5088,180,7145,7520,197504,194950,6693,7520,5147,7057,195988,195464,6879,197491,2455,5066,7057,194950,198752,195988

simplified commit message:
9310,31121,9310,31121,195002,195732,55700,10144,199464,197250,199464,194976,198138,19300,7501,7003,10427,7962,196112,203598,195076,15150,211022,195659,7348,128,21608,195873,5088,180,195076,7520,197505,7520,56464,15150,195464,197492,195871,195482,15150

commit code:
file: drivers/net/ethernet/renesas/sh_eth.c
1: +: Normal: 45,47,72,72,87,83
1: -: Normal: 45,47,72,72,87,83
2: +: Normal: 47,72,79,80,83,74,94,81,72,82,90,72,94,84
2: +: Normal: 47,72,79,80,83,74,94,81,72,82,90,72,94,84
2: -: Normal: 47,72,79,80,83,74,94,81,72,82,90,72,94,84

commit: e4ae34e285b1c102686cb1c2a39ef93f930bf8f4
stable: false
author_date: 1398251720
commit_date: 1399804528

commit message:
194950,67051,5283,6044,7348,201142,5814,5088,199111,6735,180,7003,65783,74374,194950,5283,9902,5814,193125,7145,50877,84654,5392,71339,22471,194950,219053,180,7003,6879,194950,241190,180,7003

simplified commit message:
5283,6044,7348,195316,5088,199111,180,7003,195017,5283,195140,195076,196502,5392,71339,219054,180,7003,241191,180,7003

commit code:
file: arch/arm/mach-shmobile/clock-r8a7779.c
1: +: Normal: 47,72,79,80,4904,81,74,94,74,94,90,72,79,72,80,82
1: -: Normal: 47,72,79,80,3262,81,74,94,90,72,79,72,80,82
1: -: Normal: 47,72,79,80,3262,81,74,94,90,72,79,72,80,82
1: -: Normal: 47,72,79,80,3262,81,74,94,90,72,79,72,80,82
file: arch/arm/mach-shmobile/setup-r8a7779.c
1: +: Normal: 45,47,72,72,87,83
1: +: Normal: 47,72,93,72,87,75
1: -: Normal: 45,47,72,72,87,83
1: -: Normal: 47,72,93,72,87,74
1: -: Normal: 47,72,93,72,87,75
1: -: Normal: 47,72,93,72,87,75
1: -: Normal: 47,72,93,72,87,75
2: +: Normal: 45,47,72,72,79,80,87,83
2: +: Normal: 47,72,79,80,753,81,75,94,75,82
2: +: Normal: 47,72,79,80,14310,81,72,81,75,82,82
2: +: Normal: 47,72,79,80,14310,81,72,81,75,82,82
2: +: Normal: 47,72,79,80,14310,81,72,81,75,82,82
2: -: Normal: 45,47,72,72,79,80,87,83
2: -: Normal: 47,72,79,80,79,75,80,87,83,93,72,87,74,94,93,72,87,75,94,93,72,87,75,94,93,72,87,72,94,84
2: -: Normal: 47,72,79,80,79,75,80,87,83,93,72,87,72,81,75,82,94,93,72,87,72,94,84
3: +: Normal: 45,47,72,72,87,83
3: -: Normal: 45,47,72,72,87,83
4: +: Normal: 47,72,72,93,72,87,90,72
4: -: Normal: 47,72,93,72,87,83,93,72,87,90,72,94,84
4: -: Normal: 47,72,72,93,72,87,90,72
4: -: Normal: 47,72,93,72,87,72
4: -: Normal: 47,72,93,72,87,7056,81,72,82
4: -: Normal: 45,47,72,72,87,83,93,72,87,74,94,93,72,87,75,94,93,72,87,75,94,93,72,87,75,94,84,95
4: -: Normal: 45,47,72,72,79,80,87,83,79,75,80,87,83,93,72,87,74,94,93,72,87,75,94,93,72,87,75,94,93,72,87,72,94,84,94,79,75,80,87,83,93,72,87,72,81,75,82,94,93,72,87,72,94,84,94,84,95
4: -: Normal: 45,47,72,72,87,83
4: -: Normal: 47,72,93,72,87,74
4: -: Normal: 47,72,93,72,87,75
4: -: Normal: 47,72,93,72,87,83,93,72,87,90,72,94,84
5: +: Normal: 47,72,93,72,87,72
5: +: Normal: 47,72,93,72,87,7056,81,72,82
5: -: Normal: 47,72,93,72,87,72
5: -: Normal: 47,72,93,72,87,7056,81,72,82
6: +: Normal: 47,72,85,79,80,90,72
6: -: Normal: 47,72,85,79,80,90,72
6: -: Normal: 47,72,85,79,80,90,72

commit: 9302d7bb0c5cd46be5706859301f18c137b2439f
stable: true
author_date: 1432683017
commit_date: 1432750526

commit message:
43403,3414,213181,8397,34465,6972,5814,15790,148150,1950,195021,206161,70744,14771,165278,22471,65523,6735,5814,2764,17269,5814,195271,194950,220312,7003,1584,60756,6879,4875,19704,1584,4875,1584,196180,194950,14324,32173,207223,194950,14326,14322,50877,194961,196061,65783,195963,31326,65783,195038,195165,195375,9902,194950,7153,39796,195172,6879,196133,181954,196800,33411,199928,12241,194950,2764,5555,19958,9009,209543,17399,6158,36086,65783,473,19629,15790,43403,1950,14771,32898,8397,23085,195716,6879,17399,6158,195011,195160,5814,16945,50877,5330,14771,5814,181954,5139,6830,194950,16945,19958,3727,195098,194950,5139,19958,195322

simplified commit message:
3414,204851,5139,47524,1950,206162,4873,4875,10144,2764,195271,201451,7003,33158,4875,194965,4875,18575,198733,195765,195964,31326,10638,6786,7153,39796,195173,195822,181954,199928,2764,5555,196978,17399,6158,7449,473,1950,195004,8811,195716,17399,6158,195011,195160,181954,5139,5139,195322

commit code:
file: include/net/sctp/sctp.h
1: +: Normal: 72,72,95
1: +: Normal: 72,87,72,92,72,93,72,95
1: +: Normal: 72,92,72,93,72,93,72,79,75,80,87,72,92,72,93,72,93,72,95
1: +: Normal: 72,92,72,93,72,87,72,95
2: -: Normal: 72,92,72,93,72,87,72,92,72,93,72,95
2: -: Normal: 72,92,72,93,72,93,72,79,75,80,87,72,92,72,93,72,93,72,95

commit: 3b69ff51d087d265aa4af3a532fc4f20bf33e718
stable: false
author_date: 1406121333
commit_date: 1407436809

commit message:
53698,31121,195316,195135,6735

simplified commit message:
31121,195316,195135

commit code:
file: mm/shmem.c
1: +: Normal: 45,42,72,81,47,72,85,72,94,47,72,85,72,94,47,72,85,72,94,47,72,85,72,94,43,42,72,82
1: -: Normal: 45,42,72,81,47,72,85,72,94,47,72,85,72,94,47,72,85,72,94,47,72,85,72,82
2: +: ECC: 48,81,72,90,99,81,72,82,82
2: +: EHC: 48,85,72,95
3: +: Normal: 46,47,72,93,72,87,72
3: -: Normal: 46,47,72,93,72,87,72

commit: 2f90a3070690ad80c38d650e91b96b5dcbdfe2fd
stable: true
author_date: 1442592972
commit_date: 1442877080

commit message:
5879,3190,3414,4822,196758,7057,6735,180,7348,9009,180,7348,87218,5814,6735,7145,7520,5796,195098,194950,6735,4822,3122,195333,19958,39298,8373,61658,4822,196759,195717,1705

simplified commit message:
5879,3414,195376,180,7348,180,7348,195076,7520,196520,195376,195428,195334,190903,195376,195717,1705

commit code:
file: drivers/net/phy/mdio-bcm-unimac.c
1: +: Normal: 6736,81,72,94,72,82,95

commit: ebd8ebf078879973d0e8d2642253c091c23bd7d2
stable: true
author_date: 1442591781
commit_date: 1442876942

commit message:
5879,209065,3414,4822,196758,7057,6735,180,7348,9009,180,7348,87218,5814,6735,7145,7520,5796,195098,194950,6735,4822,3122,195333,19958,39298,8373,61658,4822,196759,195717,1705

simplified commit message:
5879,3414,195376,180,7348,180,7348,195076,7520,196520,195376,195428,195334,190903,195376,195717,1705

commit code:
file: drivers/net/ethernet/moxa/moxart_ether.c
1: +: Normal: 6736,81,72,94,72,82,95

commit: ea785c094d38bc5eae8011330759d68f45236559
stable: false
author_date: 1445505093
commit_date: 1445796695

commit message:
7057,194950,18875,4776,194950,7348,134308,56464

simplified commit message:
195637,195335,7348,134308,56464

commit code:
file: net/nfc/nci/data.c
1: +: Normal: 12893,81,72,82,95

commit: b22f5126a24b3b2f15448c3f2a254fc10cbc2b92
stable: true
author_date: 1388966274
commit_date: 1389026402

commit message:
196959,3414,12896,47503,118990,195039,219373,17269,194950,196959,1894,56464,12896,17269,194950,195156,195271,7503,12895,6759,195135,48216,33158,6879,56464,9902,194950,224060,27444,61658,65783,195532,199883,194950,7003,195441,19629,3921,6759,65783,200653,6972,194950,1064,195152,48216,195980,195850,77886,53668,6972,194950,1064,50877,5814,196292,205605,21705,195098,203322,9902,48216,194998,3922,194950,6759,6879,23597,196333,195441,2684

simplified commit message:
3414,194972,1894,56464,176055,195271,6759,195135,33158,56464,224060,27444,195052,7003,3921,6759,200568,1064,6814,195981,195850,198733,194983,1064,195257,21705,196573,194999,3922,6759,31326,195158

commit code:
file: net/netfilter/nf_conntrack_proto_dccp.c
1: +: Normal: 72,87,12896,81,72,94,72,94,48,81,72,82,94,90,72,82,95
1: -: Normal: 72,87,12896,81,72,94,72,94,48,81,72,82,94,90,72,82,95
2: +: Normal: 72,87,12896,81,72,94,72,94,48,81,72,82,94,90,72,82,95
2: -: Normal: 72,87,12896,81,72,94,72,94,48,81,72,82,94,90,72,82,95
3: +: Normal: 72,87,12896,81,72,94,72,94,48,81,72,82,94,90,72,82,95
3: -: Normal: 72,87,12896,81,72,94,72,94,48,81,72,82,94,90,72,82,95

commit: 2fdcd47b6980f4e26a97811a17f5be7cb919ef90
stable: false
author_date: 1330940979
commit_date: 1331656234

commit message:
12906,80630,194961,24237,7057,5224,3740,80630,194961,24237,7057,5224,3740,39297,53543,61658,48216,2654,33416,194950,3740,11520,194950,18164,6993,14771,18165,6993,148281,17269,28629,24237

simplified commit message:
24396,21213,5224,3740,24396,21213,5224,3740,53543,33416,3740,197418,6993,195087,6993,195195,21213

commit code:
file: drivers/usb/host/xhci-mem.c
1: +: Normal: 72,92,72,79,72,80,87,7479,81,72,94,75,94,75,94,72,94,72,82,95
1: -: Normal: 72,92,72,79,72,80,87,7479,81,72,94,75,94,75,94,72,94,72,82,95
2: +: Normal: 72,92,72,79,75,80,93,72,87,7479,81,72,94,75,94,75,94,72,94,72,82,95
2: -: Normal: 72,92,72,79,75,80,93,72,87,7479,81,72,94,75,94,75,94,72,94,72,82,95
3: +: Normal: 72,92,72,79,72,80,93,72,87,7479,81,72,94,75,94,75,94,72,94,72,82,95
3: -: Normal: 72,92,72,79,72,80,93,72,87,7479,81,72,94,75,94,75,94,72,94,72,82,95

commit: e20970ada3f699c113fe64b04492af083d11a7d8
stable: true
author_date: 1389176545
commit_date: 1389183050

commit message:
12492,220205,3414,91062,194950,7348,195791,9902,5807,1584,122419,23597,61658,9009,11425,19086,1584

simplified commit message:
3414,91062,7348,195792,11425,3414

commit code:
file: sound/soc/codecs/adau1701.c
1: +: Normal: 62,72,75
1: -: Normal: 62,72,75

commit: 4a257ed677cb68a2096358e58b61efacf85d5f16
stable: false
author_date: 1413485010
commit_date: 1415059650

commit message:
197023,112291,78761,905,9009,11425,196804,78761,905

simplified commit message:
112291,78761,4760,11425,194952,78761,4760

commit code:
file: fs/f2fs/segment.c
1: +: Normal: 47,72,85,72,87,72,95
1: -: Normal: 47,72,85,72,95

commit: 2930d441592c16b83237ad015628cba5f41cc095
stable: true
author_date: 1389760796
commit_date: 1390098129

commit message:
199728,3414,4389,194984,6972,4368,9431,9009,11425,19086,5814,21996,4389,151797,194984,17269,11520,5814,126162,18575,7523,22471,194950,195321,195167,39298,10638,15438,194950,5745,151797,133357,12912,19704,195280,9009,195152,195167,39298,30251,195431,101412,7501,9902,194950,195321,4368,148280,194993,11765,195098,3414,9009,2249,196951,7057,196270,7501

simplified commit message:
3414,194984,4368,195366,11425,3414,195257,195157,194984,126162,18575,7523,35059,195168,10638,15438,5745,195157,133357,194965,7523,6814,195168,30251,125481,7501,35059,4368,194993,11765,3414,196951,196271,7501

commit code:
file: drivers/scsi/qla2xxx/qla_target.c
1: +: Normal: 12912,81,72,82,95

commit: 8d1fd16df9e14b29965ed64e120015e481d1fe0a
stable: false
author_date: 1335173013
commit_date: 1336967822

commit message:
7005,214696,1532,6953,18096,6879,195311,4822,73791,11520,17269,56464

simplified commit message:
1532,6953,18096,195311,195376,12980,56464

commit code:
file: drivers/mtd/nand/mxc_nand.c
1: +: Normal: 47,72,72,93,72,87,72

commit: 85fc73a2cdf10cf42bc36fb3bca3896b2095a1c2
stable: true
author_date: 1391257819
commit_date: 1391321751

commit message:
18171,3414,194950,195814,6735,50877,194950,6602,126089,5814,4230,14771,19649,224054,6474,19958,9226,130133,7003,195675,39297,194950,4812,195163,194950,195814,134308,11765,7438,194950,136198,148281,39298,122302,6879,23224,120255,194950,199225,6735,9009,7100,19958,19629,125523,4349,9431,17269,28132,9902,1584,34874,6879,6791,130133,7378,22471,19629,204465,4431,6735,194950,7085,5807,194950,7100,19958,98796,10063,1584,19958,63188,5271,6879,23597,80543,17269,198247,195526,6972,195209,8571,195507,19958,63188,5271,6879,23597,159841,17068,14563,195463,56464,6735,4230,195135,6735,4452

simplified commit message:
3414,195495,7083,6474,195495,56464,7003,195672,195164,195495,134308,11765,3408,2154,23224,196475,199225,7100,195320,4349,195366,195187,6791,56464,7378,4431,7085,7100,195139,10063,195226,80543,53840,195210,196138,195508,195226,134185,3414,195463,56464,195135,4452

commit code:
file: arch/x86/mm/numa_32.c
1: +: Normal: 72,87,12915,81,72,94,72,82,95
1: +: Normal: 72,87,12913,81,72,94,72,82,95

commit: 91314cb0053877991fd7b4749bb4b54d6bd6992f
stable: true
author_date: 1422641366
commit_date: 1424726928

commit message:
6200,9310,2688,6879,5510,199850,9009,11425,195317,6879,195530,6200,2688,196349,43276,6735,35197,194950,199850,1086,85327,200208,195230,2688,1124,14771,1065,6735,7140,198505,9902,194950,195156,199850,196264,2654,56464,9009,5088,6171,18096,6879,194978,197470,194950,66664,6735,114736,207329

simplified commit message:
9310,2688,5510,9006,11425,194986,195531,2688,1124,9006,1086,16101,2688,1124,198505,176055,9006,4074,56464,5088,18096,194978,197470,66664,114736

commit code:
file: arch/arm/kvm/arm.c
1: +: Normal: 72,81,72,81,72,82,94,85,11332,81,72,82,82,95
1: -: Normal: 72,81,85,11332,81,72,82,82,95
file: arch/arm/kvm/trace.h
1: +: Normal: 1665,81,82,95
1: -: Normal: 1665,81,72,94,3094,81,43,42,72,82,94,3089,81,72,82,94,11331,81,11330,81,43,42,94,72,82,82,94,11329,81,72,92,72,87,72,95,82,94,11327,81,74,94,72,92,72,82,82,95

commit: 738f61859d08771e12b552d043b48c8fc13708d1
stable: false
author_date: 1404405231
commit_date: 1404405909

commit message:
194997,9310,44734,5139,18895,17269,4044,4912,129842,7945,48216,194998,24134,7363,50877,44734,34465,17269,194950,14771,20022,48216,2654,112291,195349,63671,39297,194973,7057,19629,44734,5139,19704,195441,194950,20022,198816

simplified commit message:
9310,6720,5139,18895,4912,1086,195069,194999,24134,195161,6720,5139,6895,112291,195350,4912,18895,6720,5139,194965,6895,198817

commit code:
file: net/bluetooth/hci_core.c
1: +: ECC: 48,81,98,72,81,72,94,72,82,82
1: +: EHC: 48,72,95
2: +: ECC: 48,81,98,72,81,72,94,72,82,82
2: +: EHC: 48,72,95
file: net/bluetooth/hci_event.c
1: -: Normal: 48,81,98,72,81,72,94,72,82,82
1: -: Normal: 48,95

commit: 27bf88829f50cf1af2b052ecee2f6f0dbe4a5141
stable: false
author_date: 1324016235
commit_date: 1324325169

commit message:
115765,195959,123258,905,7359,194950,9114,8373,195156,123258,905,905,195463,7497,17269,195984,28629,5139,21354,120474,7503,5157,7503,198387,195865,56464,6735,12370,6879,3414,194950,195014,48355,7308,50877,12370,9902,200310,39297,201411,115245,6879,196918,194950,27145,7359,12370

simplified commit message:
3414,195268,4760,9114,190903,176055,195268,4760,4760,195463,7497,195985,195195,5139,6158,137161,5157,195274,56464,3414,195014,195702,200311,7962,196917,196915

commit code:
file: net/mac80211/sta_info.c
1: +: Normal: 6517,81,90,72,92,72,93,72,82,95
2: +: Normal: 72,87,72,81,72,94,72,82,95
2: +: Normal: 48,81,98,72,82
2: -: Normal: 48,81,98,72,92,72,93,72,79,72,80,82
3: -: Normal: 72,87,72,92,72,93,72,79,72,80,95
4: +: Normal: 6515,81,90,72,92,72,93,72,82,95

commit: 5cc36c724eb60b5e5457807f3230e5bb5454e4d0
stable: true
author_date: 1355696933
commit_date: 1357215021

commit message:
7945,194950,7523,6688,6735,11340,19958,39298,6735,7497,27759,12733,122419,39298,23597,5147,7057,194973,19649,7523,6688,3414,65783

simplified commit message:
195069,7523,194974,7497,56464,18895,7523,194974,3414

commit code:
file: drivers/acpi/device_pm.c
1: +: Normal: 48,72,89,98,11340,81,72,94,90,72,82,96,72,97,72,95
1: -: Normal: 48,72,89,12733,81,11340,81,72,94,90,72,82,82,96,72,97,72,95

commit: 851c63e3b381fdbf5aca1a797f37d8606b5588d2
stable: false
author_date: 1420472619
commit_date: 1423017065

commit message:
6735,3414,197215,14038,7057,7503,6309,196019,195152,1584,19958,39298,196504,6879,33417,7057,194950,196019,6735,7503,6309,9009,19958,206950,14563,39297,197275,194950,197215,6879,194950,20920,31326

simplified commit message:
3414,197215,197619,195744,6814,196505,195744,197239,3414,22341,197215,20920,31326

commit code:
file: include/linux/mod_devicetable.h
1: +: Normal: 47,47,72,83
1: -: Normal: 47,47,72,83

commit: 8611ea5f5d708d60ab29ed3cdb33e67168404fc0
stable: true
author_date: 1355663321
commit_date: 1357215021

commit message:
11520,53668,87218,142925,195041,2733,7359,33411,33158,6879,49240,1584,2411,7359,7054,4368,7359,19958,194976,5814,195343,7106,7945,1584,87218,195041,2733,7359

simplified commit message:
194983,195034,2733,33158,197076,4368,194976,195344,7106,195069,2733

commit code:
file: drivers/acpi/acpi_memhotplug.c
1: -: Normal: 72,87,7479,81,72,82,95
1: -: ECC: 48,81,72,82
1: -: EHC: 6852,81,90,72,92,72,92,72,94,74,82,95
1: -: EHC: 72,92,72,87,72,95
1: -: EHC: 48,72,95
2: -: Normal: 48,81,7479,81,72,82,82
2: -: Normal: 48,95
2: -: Normal: 48,81,7479,81,72,82,82
2: -: Normal: 72,81,72,94,74,82,95
2: -: Normal: 48,95

commit: 6780aa683d4d83ed887dd07b7987947d339d76f1
stable: true
author_date: 1355527807
commit_date: 1357215020

commit message:
7438,194950,40049,24134,19958,44970,197030,194950,1086,195359,5814,207558,6688,194950,194978,195271,19958,6879,7523,5814,18575,195326,194950,4875,990,205110,78548,196288,6972,18573,28629,199164

simplified commit message:
49428,24134,195523,195495,1086,7523,207558,194974,194978,195271,7523,18575,195327,4875,153045,199636,22435,18573,195195,11649

commit code:
file: drivers/acpi/apei/erst-dbg.c
1: +: ECC: 48,81,72,88,72,82
1: +: EHC: 72,87,75,95
1: -: ECC: 48,81,72,88,72,82

commit: c83ed19d23909db10a4402d4c6c0164bab9a9cf0
stable: false
author_date: 1404235704
commit_date: 1404402174

commit message:
194997,195927,65783,196823,32304,195165,6243,6972,4373,6972,194950,196823,32304,195159,195165,6243,195402,4373,6972,39297,115245,2718,6879,194950,14830,493,6895,195163,2718,195101,23597,142925,6972,65783,6895,14771,194950,6895,6735,2718,19958,44970,85327,1584,19958,194978,6879,50773,194950,196823,195199

simplified commit message:
195928,196823,4986,6786,195422,4373,196823,4986,132030,6786,195422,195403,4373,7962,195076,22634,8811,6895,195164,195076,195101,195034,6895,6895,195076,195523,194978,50773,196823,195200

commit code:
file: net/bluetooth/mgmt.c
1: +: Normal: 72,72,87,72,95
2: +: Normal: 48,81,72,92,72,88,72,82
2: -: Normal: 48,81,72,92,72,88,72,82
3: +: Normal: 72,87,72,95
4: +: Normal: 48,81,72,82
4: +: Normal: 48,95
4: +: Normal: 11347,81,72,82,95

commit: e6028db0146cf5a68dbd1508225ea49840997880
stable: true
author_date: 1356126256
commit_date: 1357583283

commit message:
198813,3414,57404,17269,5720,17269,23105,6735,137161,1584,135682,119412,5807,195035,19958,5814,5127,20495,206512,2114,14771,195359,194950,11425,22341,7501,196725,2114,12578,19704,194950,7523,6706,39297,196670,7348,196100,112959

simplified commit message:
3414,57404,17399,137161,195855,119412,5127,6273,7523,11425,22341,7501,5570,12578,194965,7523,6706,7348,196101,112959

commit code:
file: drivers/misc/mei/amthif.c
1: +: Normal: 6517,81,90,72,92,72,82,95
2: -: Normal: 6517,81,90,72,92,72,82,95

commit: c0559ae2fb91fc558d0eb390c17d32d6c309fb06
stable: false
author_date: 1451388450
commit_date: 1451909272

commit message:
18638,30501,195635,195753,130133,194950,6206,195345,1875,6206,200308,6972,194961,50877,194950,200309,195345

simplified commit message:
26654,195753,56464,6206,195345,195702,6206,9355,195345

commit code:
file: drivers/staging/iio/cdc/ad7150.c
1: +: Normal: 62,72,6206,81,75,82
1: +: Normal: 62,72,6206,81,75,82
1: -: Normal: 62,72,81,75,90,75,82
1: -: Normal: 62,72,81,75,90,75,82
2: +: Normal: 62,72,6206,81,75,82
2: -: Normal: 62,72,81,75,90,75,82

commit: aebd99477f03950fb05b29c7248656167198bf2d
stable: true
author_date: 1444939222
commit_date: 1445434598

commit message:
210720,18895,203858,37260,7438,5814,202641,197836,3190,19958,5808,6879,5814,104631,197836,7225,85327,1584,2654,58871,194961,31121,22471,194950,201327,195098,39298,56464,1584,9009,24330,17269,5814,121129,7350,6735,194961,14771,9431,18895,7057,31121,14771,85327,18895,194950,203858,37260,19704,1043,194950,7225,7350,6879

simplified commit message:
18895,197782,195000,8811,104631,7225,58871,31121,201327,56464,7153,196263,7350,195366,18895,31121,18895,197782,195000,194965,1532,7225,7350

commit code:
file: drivers/net/ethernet/broadcom/bcm63xx_enet.c
1: +: Normal: 42,72,94,72,94,72,94,72,94,72,94,72,94,72,94,72,95
1: -: Normal: 42,72,94,72,94,72,94,72,94,72,94,72,94,72,94,72,94,72,95
2: -: Normal: 72,87,7479,81,72,94,72,94,72,92,72,94,72,82,95
3: +: Normal: 48,81,72,90,81,72,90,72,82,82
3: +: Normal: 72,87,75,95
3: +: Normal: 72,87,75,95
3: +: Normal: 48,81,72,90,72,82
3: +: Normal: 72,87,7479,81,72,94,72,94,72,92,72,94,72,82,95
3: +: Normal: 72,87,7479,81,72,94,72,94,72,92,72,94,72,82,95
3: +: Normal: 48,81,72,90,81,72,90,72,82,89,72,90,81,72,90,72,82,82
3: +: Normal: 72,87,75,95
3: +: Normal: 72,87,81,72,90,72,82,95
3: -: Normal: 48,81,72,90,72,82
3: -: Normal: 72,87,75,95
3: -: Normal: 48,81,72,90,81,72,90,72,82,82
3: -: Normal: 72,87,75,95
3: -: Normal: 48,81,72,90,81,72,90,72,82,82
3: -: Normal: 72,87,75,95
3: -: Normal: 72,87,75,95

commit: 1c74585eccbef8fbdac494bfb2abb768aab886d3
stable: false
author_date: 1349712444
commit_date: 1349714261

commit message:
778,193617,210719,196456,198476,210719,196456,198476,6879,1037,194950,69104,6735,778,71707

simplified commit message:
778,210719,196457,195495,210719,196457,195495,1037,69104,778,5933

commit code:
file: drivers/input/mousedev.c
1: +: Normal: 46,47,72,93,72,87,72
1: +: Normal: 46,47,72,93,72,87,72
1: +: Normal: 46,47,72,93,72,87,72
1: +: Normal: 46,47,72,93,72,87,72
1: +: Normal: 46,47,72,93,72,87,72
1: +: Normal: 46,47,72,93,72,87,72
1: +: Normal: 46,47,72,93,72,87,72
1: +: Normal: 46,47,72,93,72,87,72
1: -: Normal: 46,47,72,93,72,87,72
1: -: Normal: 46,47,72,93,72,87,72
1: -: Normal: 46,47,72,93,72,87,72
1: -: Normal: 46,47,72,93,72,87,72
1: -: Normal: 46,47,72,93,72,87,72
1: -: Normal: 46,47,72,93,72,87,72
1: -: Normal: 46,47,72,93,72,87,72
1: -: Normal: 46,47,72,93,72,87,72
2: +: Normal: 47,72,93,72,87,72
2: +: Normal: 47,72,93,72,87,72
2: +: Normal: 47,72,93,72,87,72
2: +: Normal: 47,72,93,72,87,90,72
2: +: Normal: 47,72,93,72,87,72
2: +: Normal: 47,72,93,72,87,74
2: +: Normal: 47,72,93,72,87,72
2: -: Normal: 47,72,93,72,87,72
2: -: Normal: 47,72,93,72,87,72
2: -: Normal: 47,72,93,72,87,72
2: -: Normal: 47,72,93,72,87,90,72
2: -: Normal: 47,72,93,72,87,72
2: -: Normal: 47,72,93,72,87,74
2: -: Normal: 47,72,93,72,87,72

commit: 8b27418f300cafbdbbb8cfa9c29d398ed34d6723
stable: true
author_date: 1446044628
commit_date: 1447668569

commit message:
12492,201526,9310,5111,195814,6735,7438,194950,210714,44535,12043,19958,39298,6706,19958,5147,94977,14771,194950,4973,148280,23597,8373,50877,19629,197085,4973,6231,9009,94977,53840,1064,7003,134308,194984,6879,195341,196723,210717,194950,6688,17269,194950,6231,13392,4973,120622,6231,11583,34071,194961,194961,194961,194961,194961

simplified commit message:
9310,195022,195495,210715,195895,6706,56464,195485,4973,190903,197086,4973,6231,195485,53840,1064,7003,134308,194984,194974,6231,13392,4973,6231,201165,34071

commit code:
file: sound/soc/sh/rcar/adg.c
1: +: Normal: 72,72,94,72,87,75,94,72,95
1: -: Normal: 72,72,94,72,94,72,95

commit: 6c2cc5b575ed09d81507ec86cc5cfad022d9236b
stable: false
author_date: 1326432840
commit_date: 1326722066

commit message:
8800,28539,197789,7459,6830,104570,9431,7444,19958,7459,38800,61658,48216,122419,56464,5987,195135,6735

simplified commit message:
8800,195436,7459,24396,195366,7459,56464,195135

commit code:
file: drivers/media/video/cx231xx/cx231xx-cards.c
1: +: EHC: 6008,81,72,94,90,72,82,95
1: -: EHC: 6008,81,72,92,72,94,90,72,82,95

commit: 8f173e22abf2258ddfa73f46eadbb6a6c29f1631
stable: true
author_date: 1384174755
commit_date: 1386021054

commit message:
5182,194961,6972,9009,7145,195094,7057,1503,6879,6623,6879,195223,19629,195514,6972,229844,50877,21732,201505,148280,195519,11520,195178,194950,6874,458,2750,3296,1584,195430,196318,6879,198278,6879,208051,7438,19649,11349,6879,205128,61658,195147,9310,1584,195035,19649,5271,5147,39297,194950,4118,84563

simplified commit message:
195028,195076,1503,6623,195224,195515,21732,196379,195519,6791,6874,458,2750,195509,196318,198278,7962,9310,195226,56464,4118,84563

commit code:
file: drivers/usb/serial/option.c
1: +: Normal: 62,72,75
2: +: Normal: 46,47,72,79,80,83,6611,81,72,94,72,94,75,94,75,94,75,82,94,93,72,87,81,72,82,90,72,94,84

commit: ff2ff3b45eba19ce87dda2ee577201ea733f24e2
stable: false
author_date: 1387374356
commit_date: 1389264040

commit message:
196247,377,76135,4026,195222,6972,40894,10638,12573,6879,377,19477,195222,119412,39297,9009,6704,6972,194950,76135,4026,5570,6972,40894,17269,6799,6879,6888,195923,65783,195101,134307,195041,18917,47454,22471,5814,10427,24587,194950,5570,19958,194998,71192,39297,194950,210915,194966,7057,1584,6879,23597,71192,6972,201853,11500,18875,8046,9009,122419,2938,1518,194950,33158,7057,205086,5814,203521,3138,7438,195978,198148,195322,6972,5814,18875,4776,11500,195039,8057,7106,196256

simplified commit message:
195111,195020,156462,40894,10638,195111,70367,156462,119412,6704,195020,5570,40894,6799,6888,195924,195101,18917,10427,24587,5570,194999,6888,10638,6888,201853,195637,8046,2938,1518,33158,188330,195025,196138,195979,198149,195322,195637,195335,7106,196256

commit code:
file: drivers/net/ethernet/intel/i40e/i40e_adminq.c
1: +: Normal: 72,81,72,94,72,94,75,94,72,82,95

commit: b1e8972e398aa9f1d022cec5946691d091dfd9cc
stable: true
author_date: 1386186653
commit_date: 1386225783

commit message:
9009,11425,9310,54455,7057,199667,199668,3414,34226,68636,1518,68636,204207,7057,9519,68636,50877,206035,3639,7178,6735

simplified commit message:
11425,9310,54455,199667,199669,3414,7292,1518,204207,196926,205813,195262,7178

commit code:
file: sound/pci/hda/patch_realtek.c
1: +: Normal: 47,72
2: +: Normal: 46,47,72,79,80,79,72,80,87,83,93,72,87,72,94,93,72,93,72,87,72,94,93,72,87,72,94,93,72,87,72,94,84
3: +: Normal: 46,47,72,79,80,6483,81,75,94,75,94,74,94,72,82

commit: 5dfc03f141993c101c626c84d639019e98a4f39c
stable: true
author_date: 1386344308
commit_date: 1386611460

commit message:
12492,36868,216172,195147,4776,12563,17269,3138,7348,7438,48216,4776,1584,38800,194950,55723,6735,7031,7348,195717,23597,195159,195866,14771,48216,148280,85327,195022,195039,200031,209494,17269,55723,6735,194950,7031,7348,195623,15438,1584

simplified commit message:
195335,196138,7348,195335,7348,195717,132030,10638,195022,196549,196865,7348,195623,15438

commit code:
file: sound/soc/fsl/imx-wm8962.c
1: -: Normal: 72,92,72,87,72,95

commit: bfc8049a6508e1f1b6df5a71d13a0ded026b0ba5
stable: false
author_date: 1403287826
commit_date: 1404076679

commit message:
18638,192648,7447,7473,9009,7473,19958,39298,5147,39297,194950,7348,7447,1584

simplified commit message:
26654,194952,195792,195792,56464,7348,194952

commit code:
file: drivers/staging/comedi/drivers/ni_mio_cs.c
1: -: Normal: 62,72,75

commit: 8ee161ce5e0cfc689eb677f227a6248191165fac
stable: true
author_date: 1331831465
commit_date: 1331831465

commit message:
239056,3414,195074,17462,25365,195365,196250,3292,11520,194950,41432,19958,195365,196250,3292,195035,2654,23597,5814,197737,3484,126089,194950,14771,5282,195038,46018,65783,3484,134308,59418,194950,5282,18895,6879,50773,6830,17462,87218,81646,5397,195131,6879,7523,6879,3414,194950,195014,34727,18895,65783,17462,19958,195123,5396,6830,194950,5659,87218,195041,199637,19704,196260,6879,7523

simplified commit message:
3414,195074,5659,196251,3292,41432,196251,3292,197738,3484,10638,195549,3484,134308,195018,18895,50773,81646,5397,195018,7523,3414,195014,195572,18895,195123,5396,5659,199636,194965,195100,7523

commit code:
file: drivers/i2c/algos/i2c-algo-bit.c
1: +: ECC: 48,81,5282,81,72,94,72,85,72,92,72,82,82
1: +: Normal: 48,81,72,81,72,82,82
1: +: Normal: 48,95
1: -: ECC: 48,81,5282,81,72,94,72,85,72,92,72,82,82

commit: 15239099d7a7a9ecdc1ccb5b187ae4cda5488ff9
stable: true
author_date: 1362473458
commit_date: 1362475296

commit message:
4322,6101,194953,11520,67318,48216,33158,1584,6879,5439,194950,154556,199758,4626,7945,194950,18516,458,33411,195107,37449,195098,17269,195974,195662,37449,195461,122419,2938,17269,7501,196277,7945,63188,14771,63188,195559,19958,29751,195550,9009,195874,87218,195041,196641,17269,9114,194989,203116,203117,3717,197677,204941,194961,194961,194961,197012,7501,6879,194998,134307,5814,193125,14969,7057,51997,195287,194950,3740,195226,17269,194950,7348,3292,7501,48216,33158,6879,195274,194954,65783,15417,37449,195147,59418,205718,50877,195221,17646,6577,195347,15673,195212,50877,194950,195431,197646,2411,48216,5369,197936,20495,48216,195101,195132,15417,37449,10711,65783,194950,7348,3292,14635,6735,194950,195874,87218,142925,195041,14563,17269,9114,3717,133745,22427,194961,194961,39796,7214,731,6879,134307,6101,7057,2853,7214,35723,9310,5814,10711,6879,194950,9114,8149,195616,16462,11425,14563,194950,7348,3292,14635,6735,194950,195874,197339,195526,33158,6879,205014,195230,195292,2272

simplified commit message:
195422,194953,195404,33158,195856,154556,4626,195069,458,194988,29751,195974,29751,195461,2938,7501,196278,195069,195559,29751,195550,195875,195873,9114,194989,3717,197013,7501,194999,195140,14969,458,195287,3740,195226,7348,3292,7501,33158,195274,194954,29751,195018,205718,6577,195348,15673,125481,197647,195070,103679,195101,195133,29751,10711,7348,3292,14635,195875,195034,3414,9114,3717,133745,39796,7214,196559,2853,7214,9310,10711,9114,195183,11425,3414,7348,3292,14635,195875,197340,53840,33158,11425,2272

commit code:
file: drivers/gpu/drm/i915/i915_drv.c
1: +: Normal: 72,92,72,87,72,95
2: +: Normal: 72,81,72,82,95
3: -: Normal: 72,81,72,82,95
4: +: Normal: 72,92,72,87,72,95

commit: a7bb1ae749e8051434e54936dcefd37ef1cfa753
stable: true
author_date: 1362046586
commit_date: 1362475295

commit message:
3414,116099,7345,195185,194950,7345,6735,194950,116099,130350,23597,5814,84654,6735,12914,7945,194950,3964,7501,98796,195494,194950,116099,17269,195081,104973,61658,48216,130350,59721,2249,17269,6799,6879,39298,134307,5814,195130,195215,116099,19086,19629,139425,135643,6972,194961,6206,50877,63188,195089

simplified commit message:
3414,7345,195186,7345,130350,196502,195069,3964,7501,195139,195495,195401,130350,59721,6799,195215,3414,135643,6206

commit code:
file: arch/s390/kernel/setup.c
1: +: Normal: 72,87,72,81,72,82,95

commit: f8378f5259647710f0b4ecb814b0a1b0d9040de0
stable: false
author_date: 1362784968
commit_date: 1365598807

commit message:
9310,199358,4925,7400,7057,9310,7400,195738,195800,196861,11791,134307,204543,6879,39797,65783,6879,2408,195212,195492,206169,142925,87218,194950,196820,7400

simplified commit message:
9310,199359,195319,29024,9310,29024,195801,196862,5510,197095,39797,195583,181954,195034,196821,29024

commit code:
file: arch/x86/kernel/cpu/perf_event_intel.c
1: +: Normal: 47,72,79,80,4553,81,75,94,75,82
1: +: Normal: 47,72,79,80,4553,81,75,94,75,82

commit: 41c8d4520461b5134260f3fb9bb56c8455bad610
stable: false
author_date: 1433848210
commit_date: 1433941911

commit message:
10374,196623,112291,197901,6879,35498,5139,197901,5814,8149,6879,35498,5139,19769,194950,314,2249,17269,196227,198290,6577,1584,205084,9902,15313,195408,7438,35430,17173,195863,8156,7002,194950,314,200110,17269,9009,6577,7944,8046,6879,112291,195349,25365,195036,112291,197901,6879,35498,5139,194950,314,196478,49240,9009,19477,195271,194976,49240,39298,4322,7037,9902,194950,15313,6964,19958,39298,2538,39297,194950,7348,14771,194950,194998,198264,6879,50773,9009,7037,19958,6879,15496,6879,35498,5139

simplified commit message:
112291,15496,5139,15496,195183,5139,5570,6165,196228,198291,6577,196894,15313,195408,195795,6888,6577,7002,6165,14918,6577,8046,112291,195350,5659,195037,112291,15496,5139,6165,196478,70367,195271,194976,195422,15313,6964,31121,7348,194999,195257,50773,15496,5139

commit code:
file: drivers/i2c/busses/i2c-davinci.c
1: +: Normal: 62,72,75
1: +: Normal: 62,72,81,72,90,72,90,72,90,72,82
1: -: Normal: 62,72,81,72,90,72,90,72,90,72,90,72,82
2: +: Normal: 7479,81,72,94,72,94,72,82,95
2: -: Normal: 7479,81,72,94,72,94,75,82,95
3: +: ECC: 48,81,72,92,72,88,72,82
3: +: EHC: 4791,81,72,92,72,94,74,82,95
3: +: EHC: 48,85,72,95

commit: e4f7dbb17e797d922d72567f37de3735722034ba
stable: true
author_date: 1361416130
commit_date: 1362474525

commit message:
196728,15438,6873,18895,22471,6972,195083,194950,196728,7348,195021,218430,5814,78761,2746,195464,6879,194950,162740,65783,5814,6571,199147,130133,94224,195011,23597,195229,195089,7945,9009,19958,39298,5271,6879,2402,7359,19477,128,17269,194950,196270,48216,148281,194978,3061,195589,196558,194950,18895,7945,48216,142925,170616,5814,18895,17269,65783,148280,195589,3216,194950,14963,6735,94224,196315

simplified commit message:
15438,18895,7348,203146,78761,2746,195464,162740,6571,199147,56464,195011,195229,195069,195226,195198,70367,128,196271,194978,15438,18895,195069,195034,18895,195604,194972,196315

commit code:
file: drivers/net/ethernet/intel/igb/igb_main.c
1: -: Normal: 6873,81,72,81,72,82,88,81,72,85,72,85,72,85,72,85,72,82,82,95

commit: 559a67dba204793b278f660606624e5a67a9fd3d
stable: false
author_date: 1353411883
commit_date: 1353411883

commit message:
142925,194950,5822,29751,195035,19958,33411,33158,6879,194976,195727,49240,1584,17269,194950,5933

simplified commit message:
195034,5670,29751,33158,194976,63580,5933

commit code:
file: arch/arm/mach-exynos/common.c
1: -: Normal: 72,92,72,81,90,72,92,72,82,95
1: -: Normal: 48,81,72,92,72,82
1: -: Normal: 72,92,72,81,90,72,92,72,82,95
2: -: Normal: 72,92,72,81,90,72,92,72,82,95

commit: 0920a48719f1ceefc909387a64f97563848c7854
stable: true
author_date: 1359517319
commit_date: 1362474120

commit message:
197739,194950,47292,9009,196655,22471,194961,6879,194961,7057,195039,1124,9009,196730,194950,82769,14771,37549,18516,205977,16462,195459,195205,203847,4925,3138,197339

simplified commit message:
196656,47292,196656,1124,112291,4760,197158,199396,195274,56255,195319,196138,197340

commit code:
file: drivers/gpu/drm/i915/intel_pm.c
1: +: Normal: 4576,81,72,94,75,82,95
1: -: Normal: 4576,81,72,94,75,82,95

commit: 8e1cc0e4bab7b44a55ea59d26683b618b34950bc
stable: true
author_date: 1464861305
commit_date: 1464861468

commit message:
12492,199042,3414,202728,7001,5553,11520,130133,6043,6874,194950,6545,14771,6344,5553,19958,28629,7057,152203,11520,130133,194950,6043,6874,7057,7001,6791,11520,130133,194950,6043,6874,194998,3314,2654,23597,5147,162422,8385,61658,2294,2746,8149,14771,194998,195113,194950,2272,5553

simplified commit message:
3414,5553,56464,6874,5553,195195,56464,6874,6791,56464,6874,194999,3314,56464,162422,13587,2294,2746,195183,194999,195000,2272,5553

commit code:
file: sound/soc/davinci/davinci-mcasp.c
1: +: Normal: 47,72,93,72,87,75
1: +: Normal: 47,72,93,72,87,75
1: -: Normal: 47,72,93,72,87,75
1: -: Normal: 47,72,93,72,87,75
2: +: Normal: 45,72,72,81,47,72,85,72,82
2: +: Normal: 42,72,95
2: +: Normal: 72,72,87,75,95
2: +: ECC: 48,81,72,92,72,88,72,82
2: +: EHC: 48,72,92,72,95
2: +: Normal: 48,81,72,87,75,95,72,88,72,92,72,95,72,86,82
2: +: Normal: 48,81,72,92,72,79,72,80,88,72,82
2: +: Normal: 48,81,98,72,82
2: +: Normal: 72,87,72,81,72,82,95
2: +: Normal: 7284,81,74,94,72,82,95
2: +: Normal: 48,95
2: +: Normal: 48,72,95
2: +: Normal: 45,72,72,81,47,72,85,72,82
2: +: Normal: 42,72,95
2: +: Normal: 72,72,87,75,95
2: +: ECC: 48,81,72,92,72,88,72,82
2: +: EHC: 48,72,92,72,95
2: +: Normal: 48,81,72,87,75,95,72,88,72,92,72,95,72,86,82
2: +: Normal: 48,81,72,92,72,79,72,80,88,72,82
2: +: Normal: 48,81,98,72,82
2: +: Normal: 72,87,72,81,72,82,95
2: +: Normal: 7284,81,74,94,72,82,95
2: +: Normal: 48,95
2: +: Normal: 48,72,95
3: +: Normal: 72,92,72,87,72,92,72,85,7479,81,72,82,95
3: -: Normal: 72,92,72,87,72,92,72,85,72,92,72,95
4: +: Normal: 72,92,72,87,72,92,72,85,7479,81,72,82,95
4: -: Normal: 72,92,72,87,72,92,72,85,72,92,72,95
file: sound/soc/davinci/davinci-mcasp.h
1: +: Normal: 62,72,81,72,82,81,75,85,81,72,90,75,82,82
1: -: Normal: 62,72,75
2: +: Normal: 62,72,81,72,82,81,75,85,81,72,90,75,82,82
2: -: Normal: 62,72,75

commit: 9ac0013ce6744fb49d961e592e1339ab1453b914
stable: true
author_date: 1464861305
commit_date: 1464861457

commit message:
12492,199042,3414,202728,7001,5553,11520,130133,6043,6874,194950,6545,14771,6344,5553,19958,28629,7057,152203,11520,130133,194950,6043,6874,7057,7001,6791,11520,130133,194950,6043,6874,194998,3314,2654,23597,5147,162422,8385,61658,2294,2746,8149,14771,194998,195113,194950,2272,5553

simplified commit message:
3414,5553,56464,6874,5553,195195,56464,6874,6791,56464,6874,194999,3314,56464,162422,13587,2294,2746,195183,194999,195000,2272,5553

commit code:
file: sound/soc/davinci/davinci-mcasp.c
1: +: Normal: 47,72,93,72,87,75
1: +: Normal: 47,72,93,72,87,75
1: -: Normal: 47,72,93,72,87,75
1: -: Normal: 47,72,93,72,87,75
2: +: Normal: 45,72,72,81,47,72,85,72,82
2: +: Normal: 42,72,95
2: +: Normal: 72,72,87,75,95
2: +: ECC: 48,81,72,92,72,88,72,82
2: +: EHC: 48,72,92,72,95
2: +: Normal: 48,81,72,87,75,95,72,88,72,92,72,95,72,86,82
2: +: Normal: 48,81,72,92,72,79,72,80,88,72,82
2: +: Normal: 48,81,98,72,82
2: +: Normal: 72,87,72,81,72,82,95
2: +: Normal: 7284,81,74,94,72,82,95
2: +: Normal: 48,95
2: +: Normal: 48,72,95
2: +: Normal: 45,72,72,81,47,72,85,72,82
2: +: Normal: 42,72,95
2: +: Normal: 72,72,87,75,95
2: +: ECC: 48,81,72,92,72,88,72,82
2: +: EHC: 48,72,92,72,95
2: +: Normal: 48,81,72,87,75,95,72,88,72,92,72,95,72,86,82
2: +: Normal: 48,81,72,92,72,79,72,80,88,72,82
2: +: Normal: 48,81,98,72,82
2: +: Normal: 72,87,72,81,72,82,95
2: +: Normal: 7284,81,74,94,72,82,95
2: +: Normal: 48,95
2: +: Normal: 48,72,95
3: +: Normal: 72,92,72,87,72,92,72,85,7479,81,72,82,95
3: -: Normal: 72,92,72,87,72,92,72,85,72,92,72,95
4: +: Normal: 72,92,72,87,72,92,72,85,7479,81,72,82,95
4: -: Normal: 72,92,72,87,72,92,72,85,72,92,72,95
file: sound/soc/davinci/davinci-mcasp.h
1: +: Normal: 62,72,81,72,82,81,75,85,81,72,90,75,82,82
1: -: Normal: 62,72,75
2: +: Normal: 62,72,81,72,82,81,75,85,81,72,90,75,82,82
2: -: Normal: 62,72,75

commit: 05fb05a6ca25e02ad8c31bc440b3c4996864f379
stable: true
author_date: 1464855846
commit_date: 1464861141

commit message:
11520,196896,194950,3296,6206,22471,19629,2119,10747,48216,197422,6879,215547,7438,194950,4599,19958,65783,6735,5814,6552,29751,9009,219703,195005,198324,22471,194950,162740,65783,48216,195532,197022,65783,81891,9902,195866,39297,195011,39298,7523,19704,194950,195866,7140,210808,195098,9009,19958,39298,194950,71338,61658,48216,33158,6879,195607,9009,458,195408,7057,6552,37449,196558,194950,5040,196368,195226,194950,20920,195173,6879,49240,9114,8149,205118,39297

simplified commit message:
195198,195509,6206,10747,195100,212559,196300,29751,201902,195005,196052,162740,195593,10638,195011,7523,194965,10638,198278,71338,33158,195607,458,195408,196300,29751,15438,196318,195226,20920,195173,9114,195183,185127

commit code:
file: virt/kvm/arm/vgic/vgic-mmio.c
1: +: Normal: 48,81,72,92,72,89,72,92,72,92,72,88,85,75,82
1: -: Normal: 48,81,72,92,72,89,72,92,72,92,72,88,85,75,82
1: -: Normal: 5040,81,72,92,72,88,72,82,95

commit: 9979ef7d736cb7ea5f7d1ec58c95ab9b651012e6
stable: false
author_date: 1387557206
commit_date: 1387558486

commit message:
18638,196805,3414,14963,6735,5853,9009,19958,5814,11425,6879,194950,5320,65783,19086,2249,5853,14963,905,6706,39297,194950,4074

simplified commit message:
26654,3414,194972,196704,11425,5320,3414,196704,194972,4760,6706,4074

commit code:
file: drivers/staging/dgnc/dgnc_cls.c
1: +: Normal: 72,72,87,72,95
1: +: Normal: 72,72,95
1: -: Normal: 46,72,72,87,72,95
2: +: Normal: 72,81,72,92,72,94,72,82,95
3: +: Normal: 72,81,72,92,72,94,72,82,95
4: +: Normal: 72,81,72,92,72,94,72,82,95
5: +: Normal: 72,81,72,92,72,94,72,82,95

commit: beff053c0ef6983897e3481169292e6435ef0a2d
stable: false
author_date: 1461763612
commit_date: 1461774953

commit message:
12492,202725,9310,244942,31121,133357,165214,7001,23871,194950,7348,142925,87218,31121,7057,194950,244942,12931,195098,65783,12931,196493,195041,196241,20257,195507,195208,31121,165214,7003,23871,195447,5392,7003,6879,23597,165214,195441,5814,7017,194950,4945,17173,19958,194998,14771,195430,31121,6791,3821,65783,195544,165214,23871,194950,12931,2654,23597,196241,20257,39297,1043,194950,6331,33411,197063,37260,19958,196820,19958,142925,1532,6879,148280,196215,2249,194950,244942,12931,22471,194950,35476,37260,14771,195274,1584,20257,7945,19649,33411,195434,63784,6460,195464,6879,194950,146185,6331,195035,148281,33411,197063,196405,195517,6879,197786,17269,10514,7945,194950,5392,6756,19958,14563,7359,194961,48216,98796,134307,18573,189601,48156,65783,2654,23597,145799,133357,7001

simplified commit message:
9310,31121,133357,146185,5224,7348,195034,31121,12931,12931,196241,11039,195508,31121,146185,7003,5224,33158,5392,7003,146185,7017,195795,194999,31121,6791,31121,146185,5224,12931,196241,11039,1532,6331,195000,196821,195034,1532,196215,12931,195000,195274,11039,195069,195434,7103,195464,146185,6331,196405,71338,197786,195069,5392,6756,3414,195139,18573,189601,154637,5224,133357

commit code:
file: sound/soc/bcm/bcm2835-i2s.c
1: +: Normal: 72,92,72,79,72,80,93,72,87,72,95
1: +: Normal: 72,92,72,79,72,80,93,72,87,72,95

commit: 9e94136d364a424b53048031bd35a4261ae8f9e2
stable: false
author_date: 1326213097
commit_date: 1326242295

commit message:
8800,195628,200768,194961,56674,14771,194961,56674,12635,202878,5147,3414,1584

simplified commit message:
8800,12635,3964,56464,3414

commit code:
file: drivers/media/common/tuners/mxl5007t.c
1: +: Normal: 48,95
2: +: Normal: 48,95

commit: 68be0b1ae355c6deb11326df6758f80154f44cf0
stable: true
author_date: 1370296657
commit_date: 1370421380

commit message:
37442,202028,3414,196219,9902,4822,194950,202028,37442,7348,87218,19629,195463,6736,16462,195554,6110,22471,195491,196219,9009,7348,9902,5814,200968,4822,19958,5814,6309,7085,61658,48216,134307,6879,56464

simplified commit message:
3414,78761,195376,7348,195463,195311,6110,3921,78761,7348,200969,195376,7085,56464

commit code:
file: drivers/crypto/sahara.c
1: +: Normal: 6736,81,72,94,72,82,95
1: -: Normal: 6736,81,72,94,72,82,95

commit: d0887c43f51c308b01605346e55d906ba858a6f9
stable: true
author_date: 1372015504
commit_date: 1372113928

commit message:
130350,56464,195035,148281,195039,200782,77776,16462,134307,195230,2718,194961,14771,194961,195098,9009,4822,195589,197521,6460,233782,14771,109387,85327,39298,194954,196503,60756,16462,195850,195234,6879,5814,195322,7145,195124,69693,195589,19704,197568,5869,195623,48216,122419,10638,16462,109387,2249,194950,7145,17173,6688,195204,195226,14415,8057,23105,6735

simplified commit message:
130350,56464,6165,195076,195376,1532,194954,33158,195850,195234,195322,195076,63055,194965,195471,5869,195623,10638,1532,195076,195795,194974,195015,195226,17399

commit code:
file: drivers/ata/libata-zpodd.c
1: +: Normal: 47,72,72,95
1: -: Normal: 47,72,72,87,83,84,95
2: +: Normal: 72,81,72,94,90,72,82,95
3: +: Normal: 47,72,72,95
3: -: Normal: 47,72,72,87,83,84,95
4: +: Normal: 72,81,72,94,90,72,82,95

commit: e37c1ad0327af0639f6358357f60f6209f8bbad6
stable: false
author_date: 1409819592
commit_date: 1410833206

commit message:
194950,7097,11581,6735,14771,11581,148281,39298,194950,39484,61658,18662,194950,195441,18573,28629,4973,219498,14771

simplified commit message:
7097,4973,4973,18662,18573,195195,4973,63055

commit code:
file: arch/arm/mach-imx/clk-imx6sl.c
1: +: Normal: 45,46,42,85,72,79,80,87,83,74,94,74,94,74,94,74,94,74,94,74,94,84,95
1: +: Normal: 45,46,42,85,72,79,80,87,83,74,94,74,94,74,94,74,94,74,94,74,94,84,95
1: -: Normal: 45,46,42,85,72,79,80,87,83,74,94,74,94,74,94,74,94,74,94,74,94,84,95
2: +: Normal: 72,79,72,80,87,186,81,74,94,72,85,75,94,75,94,75,94,72,94,7056,81,72,82,82,95
2: +: Normal: 72,79,72,80,87,186,81,74,94,72,85,75,94,75,94,75,94,72,94,7056,81,72,82,82,95
2: -: Normal: 72,79,72,80,87,186,81,74,94,72,85,75,94,75,94,75,94,72,94,7056,81,72,82,82,95
2: -: Normal: 72,79,72,80,87,186,81,74,94,72,85,75,94,75,94,75,94,72,94,7056,81,72,82,82,95

commit: 2624705ceb7b139cffdb409682d3e1bc480abec7
stable: false
author_date: 1382409362
commit_date: 1386664019

commit message:
195451,6879,214683,5383,9009,11425,231847,2249,44535,6474,6788,14771,195246,4973

simplified commit message:
195452,5383,11425,195790,6474,6788,195247,4973

commit code:
file: arch/arm/mach-shmobile/clock-r8a7779.c
1: +: Normal: 47,72,79,80,3262,81,74,94,90,72,79,72,80,82
1: -: Normal: 47,72,79,80,3262,81,74,94,90,72,79,72,80,82
2: +: Normal: 47,72,79,80,3262,81,74,94,90,72,79,72,80,82
2: -: Normal: 47,72,79,80,3262,81,74,94,90,72,79,72,80,82
3: +: Normal: 47,72,79,80,3262,81,74,94,90,72,79,72,80,82
3: -: Normal: 47,72,79,80,3262,81,74,94,90,72,79,72,80,82
4: +: Normal: 47,72,79,80,3262,81,74,94,90,72,79,72,80,82
4: -: Normal: 47,72,79,80,3262,81,74,94,90,72,79,72,80,82

commit: dd023217e17e72b46fb4d49c7734c426938c3dba
stable: true
author_date: 1372129685
commit_date: 1372643374

commit message:
49240,39298,4776,39299,7107,196745,22471,8436,4626,194950,199016,4776,7501,65783,38382,194950,7107,6474,196745,17269,39299,195038,195449,5814,5570,14771,134308,57959,9009,11425,196009,195738,195038,195444,6735,194950,10638,6879,126456

simplified commit message:
195335,196746,8436,4626,199017,195335,7501,195335,6474,196746,10638,195449,5570,134308,57959,11425,22341,10638,195445,10638

commit code:
file: arch/powerpc/mm/numa.c
1: -: Normal: 72,81,72,92,72,94,72,92,72,82,95
2: -: Normal: 72,81,72,92,72,94,72,92,72,82,95
3: +: Normal: 72,81,72,92,72,94,72,92,72,82,95
3: +: Normal: 72,81,72,92,72,94,72,92,72,82,95

commit: 133fe8fa614175eb7e59599dbfe357c7bc7da851
stable: false
author_date: 1478256188
commit_date: 1478526532

commit message:
7005,24115,201207,7523,2746,7501,6735,200,6972,2746,194950,200,195359,19629,196593,2746,6688,11520,1584,195361,56464,1584,195135,6735,194950,14563,2746,7501,9009,7348,19958,142925,196871,61658,7057,129674

simplified commit message:
7523,2746,7501,2746,7523,196594,2746,194974,11765,56464,195135,3414,2746,7501,7348,195034

commit code:
file: drivers/mtd/nand/pxa3xx_nand.c
1: +: Normal: 72,87,72,81,72,94,75,94,72,82,95
1: +: ECC: 48,81,72,82
1: +: EHC: 48,72,95
1: -: ECC: 48,81,72,81,72,94,75,94,72,82,82
1: -: EHC: 48,85,72,95

commit: 8246aca7058f3f2c2ae503081777965cd8df7b90
stable: true
author_date: 1363761012
commit_date: 1372643367

commit message:
23224,57404,22471,6879,884,194950,19958,5814,132030,206069,14771,195866,17269,132030,207080,195098,1584,195038,194950,884,33158,167515,6879,1037,194950,195246,905,194950,205048,2607,195098,1584,122419,23597,194950,1086,111961,194950,2684,884,9009,19958,195524,195507,195867,5814,884,22096,11500,194950,22096,6735,19958,195322,194950,1086,111961,194950,2684,884,9009,19958,195524,195507,195867,5814,884,22096,11500,194950,22096,6735,19958,195322

simplified commit message:
23224,57404,132030,10638,132030,199377,10638,33158,195040,1037,195247,4760,205048,2607,1086,195157,195158,195524,195508,195868,195261,195261,195322,1086,195157,195158,195524,195508,195868,195261,195261,195322

commit code:
file: arch/powerpc/kernel/setup_64.c
1: +: Normal: 42,72,95
1: -: Normal: 42,72,95

commit: e31da3f98d3b8626b32cf7806ef4da540bf70820
stable: false
author_date: 1401329155
commit_date: 1401329942

commit message:
18895,7057,7459,19704,130133,194950,18306,17269,194950,6791,7497,71339,197130,9009,196368,6879,23597,196326,50877,12241,19958,2733,17269,194950,14771,197573,195553,14771,50877,194950,196800,6735,207057,17269,194950,195369,53840,194950,7100,204337,6879,23597,196641,17269,9114,194950,7100,24330,17269,5814,53840,195514,7459,194963,195850,39298,23597,42056,11520,195178,5814,207057,125972,194950,34779,204337,6879,50773,194950,7100,195160,194976,195122,7100

simplified commit message:
18895,7459,194965,56464,6791,7497,71339,197130,196318,195908,2733,53840,7100,196318,195873,9114,7100,7153,53840,195515,7459,194964,195850,195017,6791,34779,196318,50773,7100,195160,194976,2607,7100

commit code:
file: fs/jfs/acl.c
1: +: ECC: 48,81,72,82
1: +: EHC: 72,87,72,81,72,94,90,72,92,72,82,95
1: +: ECC: 48,81,72,88,75,82
1: +: EHC: 48,72,95
1: +: Normal: 72,92,72,87,72,95
1: +: Normal: 62617,81,72,82,95
1: +: Normal: 48,81,72,88,75,82
1: +: Normal: 72,87,72,95
1: -: Normal: 72,87,72,81,72,94,90,72,92,72,82,95
1: -: ECC: 48,81,72,88,75,82
1: -: EHC: 48,72,95
1: -: Normal: 72,92,72,87,72,95
1: -: Normal: 62617,81,72,82,95
1: -: Normal: 48,81,72,88,75,82
1: -: Normal: 72,87,72,95

commit: 0a8727e69778683495058852f783eeda141a754e
stable: true
author_date: 1415303667
commit_date: 1415355299

commit message:
6250,34330,3414,23936,7350,2402,19629,15495,10638,65783,195038,112652,14771,85327,148280,77886,194950,198367,374,5224,7350,6972,152203,5224,194950,4973,20738,6163,33158,6879,23597,14677,24640,194950,7350,9009,7100,195021,196753,50877,194950,53956,7348,130133,6879,4776,194950,5534,5224,7350,9009,3414,195147,77886,194950,198367,374,33340,4973,7350,11520,185638,194950,6250,106846,17269,6972,194950,2230,33340,194950,5088,7350,195717,1037,194950,198367,374,7350,14771,194950,50603,6163,148280,23597,14677,6972,195814,194950,198367,374,33340,4973,7350,148280,23597,194961,195098,148280,23597,14677,6830,194950,2272,6250,33340,22341,203752,4973,20738,18895,195441,4973,2402,22435,195507,19958,18575,6972,40894,14771,195011,59418,5814,202961,2746,194950,195185,195021,195322,9902,195701,196709,31121,121007

simplified commit message:
3414,195481,7350,195198,15495,10638,10638,198733,49428,374,5224,7350,5224,4973,197831,195795,33158,195335,7350,7100,196754,7348,56464,195335,5534,5224,7350,3414,198733,49428,374,196966,4973,7350,195335,194987,2230,196966,5088,7350,195717,1037,49428,374,7350,195252,195795,195335,195495,49428,374,196966,4973,7350,195335,2272,196966,22341,18575,4973,197831,18895,4973,195198,22435,195508,18575,40894,195011,195018,202961,2746,195186,195322,195701,196709,31121,121007

commit code:
file: drivers/spi/spi-dw.c
1: -: Normal: 48,81,7404,81,98,72,92,72,82,82
1: -: Normal: 72,92,72,87,72,92,72,85,72,92,72,95
2: +: Normal: 48,81,81,72,92,72,88,72,82,89,81,98,72,92,72,82,82
2: -: Normal: 48,81,72,92,72,88,72,82
3: -: Normal: 72,92,72,87,72,92,72,95

commit: af32b36095147e1828496b58987c1e24ef40487d
stable: false
author_date: 1324921081
commit_date: 1326133445

commit message:
7005,15438,4773,7057,195446,5126,7003,7003,5126,50877,4308,11500,161558,122419,39298,23597,641,130133,4773,195507,196871,61658,195190,5814,200467,6993,14771,5814,195290,34727,6313,194950,196077,1037,65783,196079,9009,195014,19958,9902,195031,195748,4979,4979,4979,195748

simplified commit message:
15438,24396,7003,7003,24396,641,56464,195508,195018,200468,6993,195291,195572,6313,196078,1037,58281,195014,176055,195749,4979,4979,4979,195749

commit code:
file: drivers/mtd/maps/lantiq-flash.c
1: +: EHC: 48,72,95
1: -: EHC: 48,72,95
2: -: Normal: 72,97,4773,81,72,92,72,92,72,82,95
2: -: Normal: 4773,81,72,92,72,92,72,82,95
3: -: Normal: 48,81,72,92,72,92,72,82
3: -: Normal: 4773,81,72,92,72,92,72,82,95